TN:
SF:./node_modules/karma-jasmine/lib/jasmine.js
FN:13,(anonymous_1)
FN:54,(anonymous_2)
FN:55,getGlobal
FN:70,(anonymous_4)
FN:73,(anonymous_5)
FN:87,(anonymous_6)
FN:93,(anonymous_7)
FN:106,(anonymous_8)
FN:118,(anonymous_9)
FN:122,(anonymous_10)
FN:129,(anonymous_11)
FN:140,(anonymous_12)
FN:150,(anonymous_13)
FN:160,(anonymous_14)
FN:171,(anonymous_15)
FN:181,(anonymous_16)
FN:193,(anonymous_17)
FN:207,(anonymous_18)
FN:222,(anonymous_19)
FN:270,(anonymous_20)
FN:282,(anonymous_21)
FN:318,(anonymous_22)
FN:335,(anonymous_23)
FN:336,(anonymous_24)
FN:354,(anonymous_25)
FN:355,(anonymous_26)
FN:376,(anonymous_27)
FN:395,(anonymous_28)
FN:403,(anonymous_29)
FN:405,(anonymous_30)
FN:433,(anonymous_31)
FN:444,(anonymous_32)
FN:460,(anonymous_33)
FN:480,(anonymous_34)
FN:498,(anonymous_35)
FN:524,(anonymous_36)
FN:537,(anonymous_37)
FN:551,(anonymous_38)
FN:561,(anonymous_39)
FN:572,(anonymous_40)
FN:584,(anonymous_41)
FN:596,(anonymous_42)
FN:608,(anonymous_43)
FN:628,(anonymous_44)
FN:659,(anonymous_45)
FN:670,(anonymous_46)
FN:677,(anonymous_47)
FN:678,tryIt
FN:686,(anonymous_49)
FN:689,(anonymous_50)
FN:692,(anonymous_51)
FN:695,(anonymous_52)
FN:715,(anonymous_53)
FN:719,(anonymous_54)
FN:725,(anonymous_55)
FN:752,(anonymous_56)
FN:759,(anonymous_57)
FN:765,(anonymous_58)
FN:775,(anonymous_59)
FN:785,(anonymous_60)
FN:799,(anonymous_61)
FN:816,(anonymous_62)
FN:827,(anonymous_63)
FN:844,(anonymous_64)
FN:851,(anonymous_65)
FN:859,(anonymous_66)
FN:863,(anonymous_67)
FN:867,(anonymous_68)
FN:872,(anonymous_69)
FN:890,(anonymous_70)
FN:900,(anonymous_71)
FN:908,(anonymous_72)
FN:916,(anonymous_73)
FN:920,(anonymous_74)
FN:929,(anonymous_75)
FN:931,(anonymous_76)
FN:936,(anonymous_77)
FN:948,(anonymous_78)
FN:956,(anonymous_79)
FN:959,(anonymous_80)
FN:964,(anonymous_81)
FN:983,(anonymous_82)
FN:991,(anonymous_83)
FN:1021,(anonymous_84)
FN:1081,(anonymous_85)
FN:1091,(anonymous_86)
FN:1098,(anonymous_87)
FN:1102,(anonymous_88)
FN:1106,(anonymous_89)
FN:1110,(anonymous_90)
FN:1114,(anonymous_91)
FN:1118,(anonymous_92)
FN:1122,(anonymous_93)
FN:1133,(anonymous_94)
FN:1139,(anonymous_95)
FN:1156,(anonymous_96)
FN:1163,(anonymous_97)
FN:1172,(anonymous_98)
FN:1176,(anonymous_99)
FN:1194,(anonymous_100)
FN:1198,(anonymous_101)
FN:1203,(anonymous_102)
FN:1208,(anonymous_103)
FN:1212,(anonymous_104)
FN:1220,(anonymous_105)
FN:1223,(anonymous_106)
FN:1232,(anonymous_107)
FN:1260,(anonymous_108)
FN:1269,(anonymous_109)
FN:1274,(anonymous_110)
FN:1278,(anonymous_111)
FN:1286,(anonymous_112)
FN:1287,(anonymous_113)
FN:1305,(anonymous_114)
FN:1335,(anonymous_115)
FN:1344,(anonymous_116)
FN:1353,(anonymous_117)
FN:1362,(anonymous_118)
FN:1372,(anonymous_119)
FN:1381,(anonymous_120)
FN:1388,(anonymous_121)
FN:1395,(anonymous_122)
FN:1402,(anonymous_123)
FN:1409,(anonymous_124)
FN:1410,(anonymous_125)
FN:1420,(anonymous_126)
FN:1428,(anonymous_127)
FN:1436,(anonymous_128)
FN:1445,(anonymous_129)
FN:1463,(anonymous_130)
FN:1472,(anonymous_131)
FN:1488,(anonymous_132)
FN:1493,(anonymous_133)
FN:1511,(anonymous_134)
FN:1517,(anonymous_135)
FN:1532,(anonymous_136)
FN:1542,(anonymous_137)
FN:1546,(anonymous_138)
FN:1550,(anonymous_139)
FN:1561,(anonymous_140)
FN:1573,(anonymous_141)
FN:1590,(anonymous_142)
FN:1601,(anonymous_143)
FN:1605,(anonymous_144)
FN:1625,(anonymous_145)
FN:1629,(anonymous_146)
FN:1633,(anonymous_147)
FN:1639,(anonymous_148)
FN:1655,(anonymous_149)
FN:1661,(anonymous_150)
FN:1665,(anonymous_151)
FN:1671,(anonymous_152)
FN:1677,(anonymous_153)
FN:1681,(anonymous_154)
FN:1687,(anonymous_155)
FN:1693,(anonymous_156)
FN:1700,(anonymous_157)
FN:1714,(anonymous_158)
FN:1735,(anonymous_159)
FN:1751,(anonymous_160)
FN:1756,(anonymous_161)
FN:1761,(anonymous_162)
FN:1765,(anonymous_163)
FN:1769,(anonymous_164)
FN:1778,(anonymous_165)
FN:1782,(anonymous_166)
FN:1794,(anonymous_167)
FN:1800,(anonymous_168)
FN:1809,(anonymous_169)
FN:1817,(anonymous_170)
FN:1825,(anonymous_171)
FN:1833,(anonymous_172)
FN:1844,(anonymous_173)
FN:1849,(anonymous_174)
FN:1853,(anonymous_175)
FN:1864,(anonymous_176)
FN:1865,(anonymous_177)
FN:1881,(anonymous_178)
FN:1909,(anonymous_179)
FN:1919,(anonymous_180)
FN:1926,(anonymous_181)
FN:1934,(anonymous_182)
FN:1953,(anonymous_183)
FN:1959,(anonymous_184)
FN:1968,(anonymous_185)
FN:2009,(anonymous_186)
FN:2023,(anonymous_187)
FN:2030,(anonymous_188)
FN:2034,(anonymous_189)
FN:2038,(anonymous_190)
FN:2054,(anonymous_191)
FN:2064,(anonymous_192)
FN:2083,(anonymous_193)
FN:2086,(anonymous_194)
FN:2099,(anonymous_195)
FN:2108,(anonymous_196)
FN:2117,(anonymous_197)
FN:2127,(anonymous_198)
FN:2133,(anonymous_199)
FN:2139,(anonymous_200)
FN:2150,(anonymous_201)
FN:2166,(anonymous_202)
FN:2193,(anonymous_203)
FN:2210,(anonymous_204)
FN:2219,(anonymous_205)
FN:2224,(anonymous_206)
FN:2229,(anonymous_207)
FN:2234,(anonymous_208)
FN:2240,(anonymous_209)
FN:2244,(anonymous_210)
FN:2248,(anonymous_211)
FN:2255,(anonymous_212)
FN:2264,(anonymous_213)
FN:2268,(anonymous_214)
FN:2278,(anonymous_215)
FN:2289,(anonymous_216)
FN:2312,(anonymous_217)
FN:2317,(anonymous_218)
FN:2326,(anonymous_219)
FN:2330,(anonymous_220)
FN:2336,(anonymous_221)
FN:2347,(anonymous_222)
FN:2351,(anonymous_223)
FN:2363,(anonymous_224)
FN:2376,(anonymous_225)
FN:2401,(anonymous_226)
FN:2410,(anonymous_227)
FN:2414,(anonymous_228)
FN:2416,(anonymous_229)
FN:2424,(anonymous_230)
FN:2428,(anonymous_231)
FN:2436,(anonymous_232)
FN:2444,(anonymous_233)
FN:2458,(anonymous_234)
FN:2463,(anonymous_235)
FN:2488,(anonymous_236)
FN:2492,(anonymous_237)
FN:2517,(anonymous_238)
FN:2534,(anonymous_239)
FN:2549,(anonymous_240)
FN:2557,(anonymous_241)
FN:2565,(anonymous_242)
FN:2570,(anonymous_243)
FN:2575,(anonymous_244)
FN:2579,(anonymous_245)
FN:2590,(anonymous_246)
FN:2594,(anonymous_247)
FN:2598,(anonymous_248)
FN:2602,(anonymous_249)
FN:2604,(anonymous_250)
FN:2608,(anonymous_251)
FN:2615,(anonymous_252)
FN:2619,(anonymous_253)
FN:2634,(anonymous_254)
FN:2645,(anonymous_255)
FN:2672,(anonymous_256)
FNF:256
FNH:105
FNDA:0,(anonymous_1)
FNDA:12,(anonymous_2)
FNDA:12,getGlobal
FNDA:4,(anonymous_4)
FNDA:1,(anonymous_5)
FNDA:0,(anonymous_6)
FNDA:0,(anonymous_7)
FNDA:18,(anonymous_8)
FNDA:0,(anonymous_9)
FNDA:18,(anonymous_10)
FNDA:98,(anonymous_11)
FNDA:18,(anonymous_12)
FNDA:8,(anonymous_13)
FNDA:8,(anonymous_14)
FNDA:34,(anonymous_15)
FNDA:0,(anonymous_16)
FNDA:8,(anonymous_17)
FNDA:0,(anonymous_18)
FNDA:0,(anonymous_19)
FNDA:8,(anonymous_20)
FNDA:0,(anonymous_21)
FNDA:7,(anonymous_22)
FNDA:1,(anonymous_23)
FNDA:1,(anonymous_24)
FNDA:0,(anonymous_25)
FNDA:0,(anonymous_26)
FNDA:0,(anonymous_27)
FNDA:8,(anonymous_28)
FNDA:8,(anonymous_29)
FNDA:6,(anonymous_30)
FNDA:7,(anonymous_31)
FNDA:0,(anonymous_32)
FNDA:0,(anonymous_33)
FNDA:8,(anonymous_34)
FNDA:19,(anonymous_35)
FNDA:0,(anonymous_36)
FNDA:0,(anonymous_37)
FNDA:18,(anonymous_38)
FNDA:0,(anonymous_39)
FNDA:0,(anonymous_40)
FNDA:0,(anonymous_41)
FNDA:38,(anonymous_42)
FNDA:1,(anonymous_43)
FNDA:13,(anonymous_44)
FNDA:0,(anonymous_45)
FNDA:0,(anonymous_46)
FNDA:0,(anonymous_47)
FNDA:0,tryIt
FNDA:0,(anonymous_49)
FNDA:0,(anonymous_50)
FNDA:0,(anonymous_51)
FNDA:0,(anonymous_52)
FNDA:5,(anonymous_53)
FNDA:5,(anonymous_54)
FNDA:0,(anonymous_55)
FNDA:0,(anonymous_56)
FNDA:28,(anonymous_57)
FNDA:0,(anonymous_58)
FNDA:1,(anonymous_59)
FNDA:19,(anonymous_60)
FNDA:36,(anonymous_61)
FNDA:0,(anonymous_62)
FNDA:0,(anonymous_63)
FNDA:19,(anonymous_64)
FNDA:13,(anonymous_65)
FNDA:1,(anonymous_66)
FNDA:1,(anonymous_67)
FNDA:13,(anonymous_68)
FNDA:13,(anonymous_69)
FNDA:0,(anonymous_70)
FNDA:0,(anonymous_71)
FNDA:38,(anonymous_72)
FNDA:20,(anonymous_73)
FNDA:1,(anonymous_74)
FNDA:0,(anonymous_75)
FNDA:0,(anonymous_76)
FNDA:19,(anonymous_77)
FNDA:0,(anonymous_78)
FNDA:0,(anonymous_79)
FNDA:0,(anonymous_80)
FNDA:0,(anonymous_81)
FNDA:8,(anonymous_82)
FNDA:44,(anonymous_83)
FNDA:21,(anonymous_84)
FNDA:4,(anonymous_85)
FNDA:0,(anonymous_86)
FNDA:0,(anonymous_87)
FNDA:0,(anonymous_88)
FNDA:0,(anonymous_89)
FNDA:0,(anonymous_90)
FNDA:0,(anonymous_91)
FNDA:0,(anonymous_92)
FNDA:0,(anonymous_93)
FNDA:117,(anonymous_94)
FNDA:117,(anonymous_95)
FNDA:0,(anonymous_96)
FNDA:0,(anonymous_97)
FNDA:0,(anonymous_98)
FNDA:0,(anonymous_99)
FNDA:0,(anonymous_100)
FNDA:0,(anonymous_101)
FNDA:0,(anonymous_102)
FNDA:0,(anonymous_103)
FNDA:0,(anonymous_104)
FNDA:0,(anonymous_105)
FNDA:0,(anonymous_106)
FNDA:0,(anonymous_107)
FNDA:36,(anonymous_108)
FNDA:0,(anonymous_109)
FNDA:0,(anonymous_110)
FNDA:1,(anonymous_111)
FNDA:24,(anonymous_112)
FNDA:18,(anonymous_113)
FNDA:0,(anonymous_114)
FNDA:1,(anonymous_115)
FNDA:0,(anonymous_116)
FNDA:3,(anonymous_117)
FNDA:0,(anonymous_118)
FNDA:0,(anonymous_119)
FNDA:0,(anonymous_120)
FNDA:7,(anonymous_121)
FNDA:0,(anonymous_122)
FNDA:0,(anonymous_123)
FNDA:0,(anonymous_124)
FNDA:0,(anonymous_125)
FNDA:0,(anonymous_126)
FNDA:0,(anonymous_127)
FNDA:3,(anonymous_128)
FNDA:0,(anonymous_129)
FNDA:0,(anonymous_130)
FNDA:0,(anonymous_131)
FNDA:4,(anonymous_132)
FNDA:0,(anonymous_133)
FNDA:0,(anonymous_134)
FNDA:0,(anonymous_135)
FNDA:0,(anonymous_136)
FNDA:0,(anonymous_137)
FNDA:0,(anonymous_138)
FNDA:0,(anonymous_139)
FNDA:0,(anonymous_140)
FNDA:0,(anonymous_141)
FNDA:0,(anonymous_142)
FNDA:0,(anonymous_143)
FNDA:0,(anonymous_144)
FNDA:0,(anonymous_145)
FNDA:0,(anonymous_146)
FNDA:0,(anonymous_147)
FNDA:0,(anonymous_148)
FNDA:0,(anonymous_149)
FNDA:1,(anonymous_150)
FNDA:0,(anonymous_151)
FNDA:0,(anonymous_152)
FNDA:0,(anonymous_153)
FNDA:0,(anonymous_154)
FNDA:1,(anonymous_155)
FNDA:0,(anonymous_156)
FNDA:0,(anonymous_157)
FNDA:0,(anonymous_158)
FNDA:0,(anonymous_159)
FNDA:0,(anonymous_160)
FNDA:0,(anonymous_161)
FNDA:0,(anonymous_162)
FNDA:0,(anonymous_163)
FNDA:0,(anonymous_164)
FNDA:0,(anonymous_165)
FNDA:0,(anonymous_166)
FNDA:0,(anonymous_167)
FNDA:0,(anonymous_168)
FNDA:0,(anonymous_169)
FNDA:0,(anonymous_170)
FNDA:0,(anonymous_171)
FNDA:0,(anonymous_172)
FNDA:1,(anonymous_173)
FNDA:1,(anonymous_174)
FNDA:1,(anonymous_175)
FNDA:6,(anonymous_176)
FNDA:53,(anonymous_177)
FNDA:19,(anonymous_178)
FNDA:0,(anonymous_179)
FNDA:0,(anonymous_180)
FNDA:0,(anonymous_181)
FNDA:18,(anonymous_182)
FNDA:0,(anonymous_183)
FNDA:0,(anonymous_184)
FNDA:0,(anonymous_185)
FNDA:0,(anonymous_186)
FNDA:0,(anonymous_187)
FNDA:0,(anonymous_188)
FNDA:0,(anonymous_189)
FNDA:0,(anonymous_190)
FNDA:0,(anonymous_191)
FNDA:0,(anonymous_192)
FNDA:0,(anonymous_193)
FNDA:33,(anonymous_194)
FNDA:79,(anonymous_195)
FNDA:70,(anonymous_196)
FNDA:0,(anonymous_197)
FNDA:33,(anonymous_198)
FNDA:19,(anonymous_199)
FNDA:36,(anonymous_200)
FNDA:296,(anonymous_201)
FNDA:1,(anonymous_202)
FNDA:0,(anonymous_203)
FNDA:1,(anonymous_204)
FNDA:1,(anonymous_205)
FNDA:1,(anonymous_206)
FNDA:1,(anonymous_207)
FNDA:1,(anonymous_208)
FNDA:1,(anonymous_209)
FNDA:13,(anonymous_210)
FNDA:12,(anonymous_211)
FNDA:1,(anonymous_212)
FNDA:1,(anonymous_213)
FNDA:1,(anonymous_214)
FNDA:0,(anonymous_215)
FNDA:19,(anonymous_216)
FNDA:0,(anonymous_217)
FNDA:0,(anonymous_218)
FNDA:0,(anonymous_219)
FNDA:19,(anonymous_220)
FNDA:19,(anonymous_221)
FNDA:18,(anonymous_222)
FNDA:18,(anonymous_223)
FNDA:0,(anonymous_224)
FNDA:0,(anonymous_225)
FNDA:0,(anonymous_226)
FNDA:36,(anonymous_227)
FNDA:0,(anonymous_228)
FNDA:0,(anonymous_229)
FNDA:19,(anonymous_230)
FNDA:19,(anonymous_231)
FNDA:0,(anonymous_232)
FNDA:19,(anonymous_233)
FNDA:19,(anonymous_234)
FNDA:19,(anonymous_235)
FNDA:0,(anonymous_236)
FNDA:8,(anonymous_237)
FNDA:19,(anonymous_238)
FNDA:13,(anonymous_239)
FNDA:0,(anonymous_240)
FNDA:13,(anonymous_241)
FNDA:37,(anonymous_242)
FNDA:0,(anonymous_243)
FNDA:0,(anonymous_244)
FNDA:20,(anonymous_245)
FNDA:13,(anonymous_246)
FNDA:0,(anonymous_247)
FNDA:0,(anonymous_248)
FNDA:13,(anonymous_249)
FNDA:13,(anonymous_250)
FNDA:0,(anonymous_251)
FNDA:0,(anonymous_252)
FNDA:0,(anonymous_253)
FNDA:0,(anonymous_254)
FNDA:0,(anonymous_255)
FNDA:0,(anonymous_256)
DA:1,1
DA:8,1
DA:9,1
DA:13,1
DA:14,0
DA:23,1
DA:29,1
DA:35,1
DA:40,1
DA:45,1
DA:52,1
DA:54,1
DA:55,1
DA:56,12
DA:59,12
DA:70,1
DA:71,4
DA:72,4
DA:73,4
DA:74,1
DA:78,0
DA:82,1
DA:83,1
DA:84,1
DA:85,1
DA:87,1
DA:88,0
DA:89,0
DA:90,0
DA:93,1
DA:94,0
DA:95,0
DA:96,0
DA:97,0
DA:98,0
DA:100,0
DA:103,0
DA:106,1
DA:107,18
DA:108,18
DA:109,18
DA:110,18
DA:111,18
DA:112,18
DA:114,18
DA:115,18
DA:118,1
DA:119,0
DA:122,1
DA:123,18
DA:129,1
DA:130,98
DA:131,98
DA:140,1
DA:141,18
DA:150,1
DA:151,8
DA:160,1
DA:161,8
DA:171,1
DA:172,34
DA:181,1
DA:182,0
DA:183,0
DA:184,0
DA:193,1
DA:194,8
DA:207,1
DA:208,0
DA:222,1
DA:223,0
DA:270,1
DA:274,8
DA:278,8
DA:282,8
DA:291,8
DA:303,8
DA:304,8
DA:318,1
DA:319,7
DA:320,7
DA:335,1
DA:336,1
DA:337,1
DA:339,1
DA:354,1
DA:355,0
DA:356,0
DA:358,0
DA:376,1
DA:377,0
DA:378,0
DA:395,1
DA:396,8
DA:397,8
DA:398,8
DA:399,8
DA:400,8
DA:403,1
DA:405,8
DA:406,6
DA:407,6
DA:408,6
DA:409,6
DA:410,6
DA:411,6
DA:412,6
DA:413,6
DA:416,8
DA:418,8
DA:419,88
DA:422,8
DA:424,8
DA:433,1
DA:434,7
DA:444,1
DA:445,0
DA:446,0
DA:448,0
DA:449,0
DA:450,0
DA:452,0
DA:460,1
DA:461,0
DA:462,0
DA:480,1
DA:481,8
DA:483,1
DA:498,1
DA:499,19
DA:501,1
DA:524,1
DA:525,0
DA:527,1
DA:537,1
DA:538,0
DA:540,1
DA:551,1
DA:552,18
DA:554,1
DA:561,1
DA:562,0
DA:564,1
DA:572,1
DA:573,0
DA:575,1
DA:584,1
DA:585,0
DA:587,1
DA:596,1
DA:597,38
DA:599,1
DA:608,1
DA:609,1
DA:611,1
DA:628,1
DA:629,13
DA:631,1
DA:659,1
DA:660,0
DA:662,1
DA:670,1
DA:671,0
DA:673,1
DA:677,1
DA:678,1
DA:679,0
DA:680,0
DA:683,0
DA:686,0
DA:687,0
DA:690,0
DA:693,0
DA:696,0
DA:699,0
DA:701,0
DA:706,1
DA:715,1
DA:719,5
DA:721,5
DA:722,5
DA:725,1
DA:726,0
DA:727,0
DA:728,0
DA:730,0
DA:731,0
DA:734,0
DA:736,0
DA:737,0
DA:739,0
DA:740,0
DA:743,0
DA:745,0
DA:746,0
DA:749,0
DA:752,1
DA:753,0
DA:754,0
DA:759,1
DA:760,28
DA:761,28
DA:762,28
DA:765,1
DA:766,0
DA:767,0
DA:775,1
DA:776,1
DA:777,1
DA:778,1
DA:780,1
DA:782,1
DA:783,1
DA:784,1
DA:785,1
DA:786,19
DA:789,1
DA:790,1
DA:791,1
DA:796,1
DA:799,1
DA:800,36
DA:802,1
DA:804,1
DA:808,1
DA:809,1
DA:810,1
DA:811,1
DA:816,1
DA:817,0
DA:818,0
DA:820,0
DA:827,1
DA:828,0
DA:829,0
DA:832,0
DA:833,0
DA:834,0
DA:835,0
DA:837,0
DA:838,0
DA:844,1
DA:845,19
DA:851,1
DA:852,13
DA:859,1
DA:860,1
DA:863,1
DA:864,1
DA:867,1
DA:868,13
DA:869,13
DA:872,1
DA:873,13
DA:874,13
DA:875,1
DA:877,12
DA:880,13
DA:882,13
DA:883,13
DA:884,13
DA:886,0
DA:889,13
DA:890,0
DA:891,0
DA:895,13
DA:897,13
DA:900,1
DA:901,0
DA:902,0
DA:903,0
DA:905,0
DA:908,1
DA:909,38
DA:910,37
DA:912,1
DA:916,1
DA:917,20
DA:920,1
DA:921,1
DA:922,0
DA:924,1
DA:929,1
DA:930,0
DA:936,1
DA:937,19
DA:938,19
DA:939,19
DA:941,19
DA:942,19
DA:945,19
DA:948,1
DA:949,0
DA:950,0
DA:951,0
DA:953,0
DA:956,1
DA:957,0
DA:964,1
DA:965,0
DA:966,0
DA:968,0
DA:969,0
DA:971,0
DA:972,0
DA:974,0
DA:975,0
DA:977,0
DA:978,0
DA:980,0
DA:983,1
DA:984,8
DA:985,0
DA:988,8
DA:989,8
DA:991,8
DA:992,44
DA:995,8
DA:996,22
DA:997,0
DA:1000,8
DA:1001,22
DA:1002,0
DA:1005,8
DA:1006,22
DA:1007,14
DA:1008,0
DA:1012,8
DA:1013,0
DA:1016,8
DA:1017,8
DA:1018,8
DA:1021,1
DA:1022,21
DA:1023,21
DA:1025,21
DA:1026,0
DA:1027,0
DA:1028,0
DA:1031,21
DA:1033,8
DA:1034,0
DA:1037,8
DA:1038,0
DA:1041,8
DA:1042,0
DA:1045,8
DA:1046,0
DA:1049,8
DA:1050,0
DA:1053,8
DA:1054,0
DA:1057,8
DA:1058,0
DA:1061,8
DA:1062,0
DA:1065,8
DA:1066,0
DA:1069,8
DA:1070,0
DA:1073,8
DA:1074,8
DA:1078,0
DA:1081,1
DA:1082,4
DA:1083,4
DA:1084,4
DA:1086,0
DA:1088,0
DA:1091,1
DA:1092,0
DA:1098,1
DA:1102,1
DA:1106,1
DA:1110,1
DA:1114,1
DA:1118,1
DA:1122,1
DA:1133,1
DA:1134,117
DA:1135,117
DA:1136,117
DA:1139,1
DA:1140,117
DA:1141,0
DA:1144,117
DA:1145,117
DA:1147,0
DA:1150,117
DA:1156,1
DA:1157,0
DA:1158,0
DA:1159,0
DA:1160,0
DA:1163,1
DA:1164,0
DA:1165,0
DA:1166,0
DA:1167,0
DA:1168,0
DA:1172,1
DA:1173,0
DA:1176,1
DA:1177,0
DA:1178,0
DA:1185,0
DA:1186,0
DA:1187,0
DA:1188,0
DA:1191,0
DA:1194,1
DA:1195,0
DA:1198,1
DA:1199,0
DA:1203,1
DA:1204,0
DA:1208,1
DA:1212,1
DA:1213,0
DA:1220,1
DA:1223,1
DA:1224,0
DA:1225,0
DA:1226,0
DA:1227,0
DA:1229,0
DA:1232,1
DA:1233,0
DA:1234,0
DA:1235,0
DA:1236,0
DA:1237,0
DA:1248,0
DA:1260,1
DA:1261,36
DA:1262,36
DA:1263,36
DA:1264,36
DA:1265,36
DA:1269,1
DA:1270,0
DA:1274,1
DA:1275,0
DA:1278,1
DA:1279,1
DA:1280,25
DA:1281,24
DA:1282,24
DA:1286,1
DA:1287,24
DA:1288,18
DA:1289,18
DA:1291,18
DA:1292,2
DA:1295,18
DA:1297,18
DA:1298,18
DA:1299,0
DA:1300,0
DA:1301,0
DA:1302,0
DA:1305,0
DA:1306,0
DA:1307,0
DA:1308,0
DA:1309,0
DA:1310,0
DA:1313,0
DA:1316,18
DA:1323,18
DA:1324,18
DA:1335,1
DA:1336,1
DA:1344,1
DA:1345,0
DA:1353,1
DA:1354,3
DA:1362,1
DA:1363,0
DA:1372,1
DA:1373,0
DA:1381,1
DA:1382,0
DA:1388,1
DA:1389,7
DA:1395,1
DA:1396,0
DA:1402,1
DA:1403,0
DA:1409,1
DA:1410,0
DA:1411,0
DA:1414,0
DA:1420,1
DA:1421,0
DA:1428,1
DA:1429,0
DA:1436,1
DA:1437,3
DA:1438,0
DA:1441,3
DA:1442,0
DA:1445,3
DA:1446,0
DA:1452,3
DA:1456,1
DA:1463,1
DA:1464,0
DA:1465,0
DA:1468,0
DA:1469,0
DA:1472,0
DA:1473,0
DA:1479,0
DA:1488,1
DA:1489,4
DA:1490,4
DA:1491,0
DA:1493,4
DA:1494,0
DA:1495,0
DA:1496,0
DA:1497,0
DA:1499,0
DA:1501,0
DA:1504,4
DA:1508,1
DA:1511,1
DA:1512,0
DA:1513,0
DA:1514,0
DA:1517,0
DA:1518,0
DA:1524,0
DA:1532,1
DA:1533,0
DA:1542,1
DA:1543,0
DA:1546,1
DA:1547,0
DA:1550,1
DA:1551,0
DA:1561,1
DA:1562,0
DA:1563,0
DA:1565,0
DA:1573,1
DA:1574,0
DA:1575,0
DA:1576,0
DA:1577,0
DA:1579,0
DA:1580,0
DA:1582,0
DA:1584,0
DA:1585,0
DA:1588,0
DA:1590,0
DA:1591,0
DA:1592,0
DA:1594,0
DA:1598,0
DA:1601,1
DA:1602,0
DA:1605,1
DA:1606,0
DA:1607,0
DA:1610,0
DA:1611,0
DA:1614,0
DA:1615,0
DA:1618,0
DA:1619,0
DA:1622,0
DA:1625,1
DA:1626,0
DA:1629,1
DA:1630,0
DA:1633,1
DA:1634,0
DA:1635,0
DA:1637,0
DA:1639,0
DA:1640,0
DA:1643,0
DA:1644,0
DA:1645,0
DA:1647,0
DA:1648,0
DA:1652,0
DA:1655,1
DA:1656,0
DA:1661,1
DA:1662,1
DA:1664,1
DA:1665,1
DA:1666,0
DA:1667,0
DA:1668,0
DA:1671,1
DA:1672,0
DA:1673,0
DA:1674,0
DA:1677,1
DA:1678,0
DA:1681,1
DA:1682,0
DA:1687,1
DA:1688,1
DA:1689,1
DA:1690,1
DA:1693,1
DA:1694,0
DA:1695,0
DA:1696,0
DA:1697,0
DA:1700,1
DA:1701,0
DA:1702,0
DA:1703,0
DA:1704,0
DA:1705,0
DA:1708,0
DA:1709,0
DA:1713,0
DA:1714,0
DA:1715,0
DA:1717,0
DA:1718,0
DA:1719,0
DA:1720,0
DA:1721,0
DA:1722,0
DA:1723,0
DA:1731,0
DA:1735,1
DA:1736,0
DA:1748,1
DA:1752,0
DA:1753,0
DA:1757,0
DA:1758,0
DA:1762,0
DA:1766,0
DA:1770,0
DA:1771,0
DA:1772,0
DA:1774,0
DA:1779,0
DA:1783,0
DA:1784,0
DA:1795,0
DA:1796,0
DA:1801,0
DA:1806,1
DA:1809,1
DA:1810,0
DA:1811,0
DA:1813,0
DA:1817,1
DA:1818,0
DA:1819,0
DA:1821,0
DA:1825,1
DA:1826,0
DA:1827,0
DA:1829,0
DA:1833,1
DA:1834,0
DA:1835,0
DA:1837,0
DA:1844,1
DA:1845,1
DA:1847,1
DA:1849,1
DA:1850,1
DA:1853,1
DA:1854,1
DA:1862,1
DA:1863,6
DA:1864,6
DA:1865,6
DA:1866,53
DA:1867,53
DA:1868,53
DA:1869,53
DA:1881,1
DA:1885,19
DA:1889,19
DA:1893,19
DA:1897,19
DA:1901,19
DA:1909,1
DA:1910,0
DA:1911,0
DA:1912,0
DA:1919,1
DA:1920,0
DA:1926,1
DA:1927,0
DA:1934,1
DA:1935,18
DA:1936,18
DA:1937,0
DA:1939,18
DA:1940,18
DA:1941,18
DA:1943,0
DA:1947,18
DA:1953,1
DA:1954,0
DA:1959,1
DA:1960,0
DA:1968,1
DA:1969,0
DA:1970,0
DA:1971,0
DA:1972,0
DA:1973,0
DA:1974,0
DA:1975,0
DA:1976,0
DA:1977,0
DA:1978,0
DA:1979,0
DA:1980,0
DA:1981,0
DA:1982,0
DA:1983,0
DA:1984,0
DA:1985,0
DA:1986,0
DA:1987,0
DA:1988,0
DA:1989,0
DA:1990,0
DA:1991,0
DA:1992,0
DA:1993,0
DA:1994,0
DA:1995,0
DA:1996,0
DA:1998,0
DA:2000,0
DA:2002,0
DA:2005,0
DA:2009,1
DA:2010,0
DA:2011,0
DA:2012,0
DA:2013,0
DA:2018,1
DA:2019,1
DA:2020,1
DA:2021,1
DA:2023,1
DA:2024,0
DA:2026,0
DA:2028,1
DA:2030,1
DA:2031,0
DA:2034,1
DA:2035,0
DA:2038,1
DA:2039,0
DA:2040,0
DA:2041,0
DA:2044,0
DA:2045,0
DA:2046,0
DA:2047,0
DA:2049,0
DA:2051,0
DA:2054,1
DA:2055,0
DA:2056,0
DA:2057,0
DA:2060,0
DA:2061,0
DA:2062,0
DA:2064,0
DA:2065,0
DA:2066,0
DA:2068,0
DA:2071,0
DA:2072,0
DA:2073,0
DA:2074,0
DA:2076,0
DA:2080,0
DA:2083,1
DA:2084,0
DA:2086,1
DA:2087,33
DA:2091,33
DA:2092,33
DA:2093,33
DA:2094,33
DA:2095,33
DA:2096,33
DA:2099,1
DA:2100,79
DA:2101,79
DA:2104,79
DA:2105,79
DA:2108,1
DA:2109,70
DA:2110,51
DA:2113,70
DA:2114,70
DA:2117,1
DA:2118,0
DA:2119,0
DA:2122,0
DA:2123,0
DA:2124,0
DA:2127,1
DA:2128,33
DA:2129,33
DA:2130,33
DA:2133,1
DA:2134,19
DA:2137,1
DA:2139,1
DA:2140,36
DA:2141,36
DA:2143,36
DA:2144,182
DA:2146,182
DA:2147,149
DA:2148,149
DA:2150,149
DA:2151,296
DA:2152,147
DA:2153,147
DA:2156,149
DA:2157,0
DA:2160,149
DA:2161,149
DA:2163,149
DA:2164,149
DA:2165,1
DA:2166,1
DA:2167,1
DA:2170,148
DA:2171,146
DA:2173,2
DA:2177,149
DA:2179,149
DA:2180,149
DA:2181,147
DA:2185,33
DA:2186,33
DA:2187,33
DA:2193,1
DA:2194,0
DA:2195,0
DA:2196,0
DA:2197,0
DA:2200,0
DA:2210,1
DA:2211,1
DA:2212,1
DA:2213,1
DA:2214,1
DA:2215,1
DA:2216,1
DA:2219,1
DA:2220,1
DA:2221,1
DA:2222,1
DA:2224,1
DA:2225,1
DA:2229,1
DA:2230,1
DA:2231,1
DA:2234,1
DA:2235,1
DA:2236,1
DA:2240,1
DA:2241,1
DA:2244,1
DA:2245,13
DA:2248,1
DA:2249,12
DA:2250,12
DA:2252,12
DA:2255,1
DA:2256,1
DA:2257,1
DA:2258,1
DA:2259,13
DA:2261,1
DA:2264,1
DA:2265,1
DA:2268,1
DA:2269,1
DA:2270,1
DA:2271,13
DA:2272,12
DA:2275,1
DA:2278,1
DA:2279,0
DA:2289,1
DA:2290,19
DA:2291,0
DA:2293,19
DA:2294,0
DA:2296,19
DA:2297,19
DA:2298,19
DA:2299,19
DA:2300,19
DA:2301,19
DA:2303,19
DA:2304,19
DA:2306,19
DA:2307,19
DA:2308,19
DA:2309,19
DA:2312,1
DA:2313,0
DA:2317,1
DA:2318,0
DA:2326,1
DA:2327,0
DA:2330,1
DA:2331,19
DA:2332,19
DA:2333,19
DA:2336,1
DA:2337,19
DA:2338,0
DA:2340,19
DA:2347,1
DA:2348,18
DA:2351,1
DA:2352,18
DA:2353,18
DA:2354,18
DA:2363,1
DA:2364,0
DA:2365,0
DA:2366,0
DA:2376,1
DA:2377,0
DA:2378,0
DA:2379,0
DA:2381,0
DA:2382,0
DA:2383,0
DA:2385,0
DA:2386,0
DA:2388,0
DA:2389,0
DA:2391,0
DA:2392,0
DA:2396,0
DA:2397,0
DA:2398,0
DA:2401,1
DA:2402,0
DA:2407,0
DA:2410,1
DA:2411,36
DA:2414,1
DA:2415,0
DA:2416,0
DA:2417,0
DA:2419,0
DA:2420,0
DA:2421,0
DA:2424,1
DA:2425,19
DA:2428,1
DA:2429,19
DA:2430,19
DA:2431,19
DA:2432,19
DA:2436,1
DA:2437,0
DA:2438,0
DA:2440,0
DA:2444,1
DA:2445,19
DA:2446,19
DA:2447,0
DA:2448,0
DA:2449,0
DA:2452,19
DA:2454,19
DA:2456,19
DA:2458,19
DA:2459,19
DA:2463,1
DA:2464,19
DA:2465,19
DA:2467,19
DA:2468,20
DA:2469,60
DA:2472,19
DA:2473,19
DA:2475,19
DA:2476,0
DA:2478,19
DA:2479,20
DA:2480,0
DA:2483,19
DA:2484,19
DA:2488,1
DA:2489,0
DA:2492,1
DA:2493,8
DA:2494,0
DA:2497,8
DA:2498,0
DA:2501,8
DA:2502,0
DA:2505,8
DA:2507,8
DA:2508,8
DA:2509,8
DA:2510,8
DA:2512,8
DA:2514,8
DA:2517,1
DA:2518,19
DA:2519,8
DA:2520,8
DA:2522,19
DA:2534,1
DA:2535,13
DA:2536,13
DA:2537,13
DA:2538,13
DA:2539,13
DA:2540,13
DA:2541,13
DA:2542,13
DA:2543,13
DA:2544,13
DA:2545,13
DA:2546,13
DA:2549,1
DA:2550,0
DA:2551,0
DA:2552,0
DA:2554,0
DA:2557,1
DA:2558,13
DA:2559,13
DA:2560,13
DA:2561,13
DA:2565,1
DA:2566,37
DA:2567,37
DA:2570,1
DA:2571,0
DA:2572,0
DA:2575,1
DA:2576,0
DA:2579,1
DA:2580,20
DA:2581,20
DA:2582,1
DA:2583,1
DA:2585,19
DA:2587,20
DA:2590,1
DA:2591,13
DA:2594,1
DA:2595,0
DA:2598,1
DA:2599,0
DA:2602,1
DA:2603,13
DA:2604,13
DA:2605,13
DA:2608,1
DA:2609,0
DA:2610,0
DA:2613,1
DA:2615,1
DA:2616,0
DA:2617,0
DA:2619,0
DA:2620,0
DA:2634,1
DA:2635,0
DA:2636,0
DA:2637,0
DA:2638,0
DA:2639,0
DA:2641,1
DA:2643,1
DA:2645,1
DA:2646,0
DA:2647,0
DA:2649,0
DA:2650,0
DA:2651,0
DA:2653,0
DA:2654,0
DA:2655,0
DA:2658,0
DA:2659,0
DA:2660,0
DA:2661,0
DA:2662,0
DA:2667,0
DA:2668,0
DA:2670,0
DA:2671,0
DA:2672,0
DA:2673,0
DA:2678,1
LF:1116
LH:636
BRDA:1,1,0,1
BRDA:1,1,1,0
BRDA:9,2,0,0
BRDA:9,2,1,1
BRDA:72,3,0,4
BRDA:72,3,1,0
BRDA:96,4,0,0
BRDA:96,4,1,0
BRDA:97,5,0,0
BRDA:97,5,1,0
BRDA:112,6,0,18
BRDA:112,6,1,0
BRDA:114,7,0,18
BRDA:114,7,1,18
BRDA:115,8,0,18
BRDA:115,8,1,0
BRDA:130,9,0,98
BRDA:130,9,1,1
BRDA:274,10,0,8
BRDA:274,10,1,0
BRDA:434,11,0,7
BRDA:434,11,1,7
BRDA:445,12,0,0
BRDA:445,12,1,0
BRDA:445,13,0,0
BRDA:445,13,1,0
BRDA:483,14,0,0
BRDA:483,14,1,1
BRDA:501,15,0,0
BRDA:501,15,1,1
BRDA:527,16,0,0
BRDA:527,16,1,1
BRDA:540,17,0,0
BRDA:540,17,1,1
BRDA:554,18,0,0
BRDA:554,18,1,1
BRDA:564,19,0,0
BRDA:564,19,1,1
BRDA:575,20,0,0
BRDA:575,20,1,1
BRDA:587,21,0,0
BRDA:587,21,1,1
BRDA:599,22,0,0
BRDA:599,22,1,1
BRDA:611,23,0,0
BRDA:611,23,1,1
BRDA:631,24,0,0
BRDA:631,24,1,1
BRDA:662,25,0,0
BRDA:662,25,1,1
BRDA:673,26,0,0
BRDA:673,26,1,1
BRDA:677,27,0,0
BRDA:677,27,1,1
BRDA:686,28,0,0
BRDA:686,28,1,0
BRDA:686,28,2,0
BRDA:686,28,3,0
BRDA:699,29,0,0
BRDA:699,29,1,0
BRDA:727,30,0,0
BRDA:727,30,1,0
BRDA:730,31,0,0
BRDA:730,31,1,0
BRDA:736,32,0,0
BRDA:736,32,1,0
BRDA:739,33,0,0
BRDA:739,33,1,0
BRDA:743,34,0,0
BRDA:743,34,1,0
BRDA:743,35,0,0
BRDA:743,35,1,0
BRDA:745,36,0,0
BRDA:745,36,1,0
BRDA:745,37,0,0
BRDA:745,37,1,0
BRDA:753,38,0,0
BRDA:753,38,1,0
BRDA:817,39,0,0
BRDA:817,39,1,0
BRDA:828,40,0,0
BRDA:828,40,1,0
BRDA:834,41,0,0
BRDA:834,41,1,0
BRDA:874,42,0,1
BRDA:874,42,1,12
BRDA:889,43,0,0
BRDA:889,43,1,13
BRDA:909,44,0,37
BRDA:909,44,1,1
BRDA:921,45,0,0
BRDA:921,45,1,1
BRDA:941,46,0,19
BRDA:941,46,1,0
BRDA:965,47,0,0
BRDA:965,47,1,0
BRDA:968,48,0,0
BRDA:968,48,1,0
BRDA:969,49,0,0
BRDA:969,49,1,0
BRDA:971,50,0,0
BRDA:971,50,1,0
BRDA:972,51,0,0
BRDA:972,51,1,0
BRDA:974,52,0,0
BRDA:974,52,1,0
BRDA:975,53,0,0
BRDA:975,53,1,0
BRDA:977,54,0,0
BRDA:977,54,1,0
BRDA:978,55,0,0
BRDA:978,55,1,0
BRDA:984,56,0,0
BRDA:984,56,1,8
BRDA:984,57,0,8
BRDA:984,57,1,0
BRDA:992,58,0,44
BRDA:992,58,1,44
BRDA:996,59,0,0
BRDA:996,59,1,22
BRDA:996,60,0,22
BRDA:996,60,1,0
BRDA:1001,61,0,0
BRDA:1001,61,1,22
BRDA:1001,62,0,22
BRDA:1001,62,1,0
BRDA:1006,63,0,8
BRDA:1006,63,1,14
BRDA:1007,64,0,0
BRDA:1007,64,1,14
BRDA:1008,65,0,0
BRDA:1008,65,1,0
BRDA:1008,66,0,0
BRDA:1008,66,1,0
BRDA:1012,67,0,0
BRDA:1012,67,1,8
BRDA:1012,68,0,8
BRDA:1012,68,1,6
BRDA:1012,68,2,6
BRDA:1018,69,0,8
BRDA:1018,69,1,8
BRDA:1022,70,0,21
BRDA:1022,70,1,7
BRDA:1023,71,0,21
BRDA:1023,71,1,7
BRDA:1028,72,0,0
BRDA:1028,72,1,0
BRDA:1031,73,0,13
BRDA:1031,73,1,8
BRDA:1033,74,0,0
BRDA:1033,74,1,8
BRDA:1033,75,0,8
BRDA:1033,75,1,8
BRDA:1033,75,2,8
BRDA:1033,75,3,8
BRDA:1034,76,0,0
BRDA:1034,76,1,0
BRDA:1037,77,0,0
BRDA:1037,77,1,8
BRDA:1037,78,0,8
BRDA:1037,78,1,0
BRDA:1041,79,0,0
BRDA:1041,79,1,8
BRDA:1041,80,0,8
BRDA:1041,80,1,0
BRDA:1045,81,0,0
BRDA:1045,81,1,8
BRDA:1049,82,0,0
BRDA:1049,82,1,8
BRDA:1053,83,0,0
BRDA:1053,83,1,8
BRDA:1057,84,0,0
BRDA:1057,84,1,8
BRDA:1061,85,0,0
BRDA:1061,85,1,8
BRDA:1061,86,0,8
BRDA:1061,86,1,0
BRDA:1065,87,0,0
BRDA:1065,87,1,8
BRDA:1065,88,0,8
BRDA:1065,88,1,0
BRDA:1069,89,0,0
BRDA:1069,89,1,8
BRDA:1069,90,0,8
BRDA:1069,90,1,0
BRDA:1073,91,0,8
BRDA:1073,91,1,0
BRDA:1073,92,0,8
BRDA:1073,92,1,8
BRDA:1082,93,0,4
BRDA:1082,93,1,0
BRDA:1084,94,0,4
BRDA:1084,94,1,0
BRDA:1140,95,0,0
BRDA:1140,95,1,117
BRDA:1181,96,0,0
BRDA:1181,96,1,0
BRDA:1185,97,0,0
BRDA:1185,97,1,0
BRDA:1215,98,0,0
BRDA:1215,98,1,0
BRDA:1238,99,0,0
BRDA:1238,99,1,0
BRDA:1239,100,0,0
BRDA:1239,100,1,0
BRDA:1243,101,0,0
BRDA:1243,101,1,0
BRDA:1243,102,0,0
BRDA:1243,102,1,0
BRDA:1264,103,0,36
BRDA:1264,103,1,18
BRDA:1280,104,0,1
BRDA:1280,104,1,24
BRDA:1291,105,0,2
BRDA:1291,105,1,16
BRDA:1295,106,0,0
BRDA:1295,106,1,18
BRDA:1298,107,0,0
BRDA:1298,107,1,18
BRDA:1299,108,0,0
BRDA:1299,108,1,0
BRDA:1301,109,0,0
BRDA:1301,109,1,0
BRDA:1302,110,0,0
BRDA:1302,110,1,0
BRDA:1306,111,0,0
BRDA:1306,111,1,0
BRDA:1307,112,0,0
BRDA:1307,112,1,0
BRDA:1309,113,0,0
BRDA:1309,113,1,0
BRDA:1319,114,0,1
BRDA:1319,114,1,17
BRDA:1437,115,0,0
BRDA:1437,115,1,3
BRDA:1441,116,0,0
BRDA:1441,116,1,3
BRDA:1464,117,0,0
BRDA:1464,117,1,0
BRDA:1468,118,0,0
BRDA:1468,118,1,0
BRDA:1490,119,0,0
BRDA:1490,119,1,4
BRDA:1496,120,0,0
BRDA:1496,120,1,0
BRDA:1513,121,0,0
BRDA:1513,121,1,0
BRDA:1562,122,0,0
BRDA:1562,122,1,0
BRDA:1563,123,0,0
BRDA:1563,123,1,0
BRDA:1576,124,0,0
BRDA:1576,124,1,0
BRDA:1584,125,0,0
BRDA:1584,125,1,0
BRDA:1585,126,0,0
BRDA:1585,126,1,0
BRDA:1585,127,0,0
BRDA:1585,127,1,0
BRDA:1585,128,0,0
BRDA:1585,128,1,0
BRDA:1588,129,0,0
BRDA:1588,129,1,0
BRDA:1591,130,0,0
BRDA:1591,130,1,0
BRDA:1591,131,0,0
BRDA:1591,131,1,0
BRDA:1591,131,2,0
BRDA:1591,132,0,0
BRDA:1591,132,1,0
BRDA:1591,133,0,0
BRDA:1591,133,1,0
BRDA:1592,134,0,0
BRDA:1592,134,1,0
BRDA:1592,135,0,0
BRDA:1592,135,1,0
BRDA:1592,136,0,0
BRDA:1592,136,1,0
BRDA:1606,137,0,0
BRDA:1606,137,1,0
BRDA:1607,138,0,0
BRDA:1607,138,1,0
BRDA:1610,139,0,0
BRDA:1610,139,1,0
BRDA:1611,140,0,0
BRDA:1611,140,1,0
BRDA:1614,141,0,0
BRDA:1614,141,1,0
BRDA:1615,142,0,0
BRDA:1615,142,1,0
BRDA:1618,143,0,0
BRDA:1618,143,1,0
BRDA:1634,144,0,0
BRDA:1634,144,1,0
BRDA:1635,145,0,0
BRDA:1635,145,1,0
BRDA:1640,146,0,0
BRDA:1640,146,1,0
BRDA:1644,147,0,0
BRDA:1644,147,1,0
BRDA:1644,148,0,0
BRDA:1644,148,1,0
BRDA:1647,149,0,0
BRDA:1647,149,1,0
BRDA:1648,150,0,0
BRDA:1648,150,1,0
BRDA:1648,151,0,0
BRDA:1648,151,1,0
BRDA:1652,152,0,0
BRDA:1652,152,1,0
BRDA:1705,153,0,0
BRDA:1705,153,1,0
BRDA:1705,154,0,0
BRDA:1705,154,1,0
BRDA:1705,154,2,0
BRDA:1713,155,0,0
BRDA:1713,155,1,0
BRDA:1722,156,0,0
BRDA:1722,156,1,0
BRDA:1770,157,0,0
BRDA:1770,157,1,0
BRDA:1795,158,0,0
BRDA:1795,158,1,0
BRDA:1810,159,0,0
BRDA:1810,159,1,0
BRDA:1818,160,0,0
BRDA:1818,160,1,0
BRDA:1826,161,0,0
BRDA:1826,161,1,0
BRDA:1834,162,0,0
BRDA:1834,162,1,0
BRDA:1868,163,0,53
BRDA:1868,163,1,0
BRDA:1935,164,0,18
BRDA:1935,164,1,0
BRDA:1936,165,0,0
BRDA:1936,165,1,18
BRDA:1940,166,0,18
BRDA:1940,166,1,0
BRDA:1971,167,0,0
BRDA:1971,167,1,0
BRDA:1973,168,0,0
BRDA:1973,168,1,0
BRDA:1975,169,0,0
BRDA:1975,169,1,0
BRDA:1977,170,0,0
BRDA:1977,170,1,0
BRDA:1979,171,0,0
BRDA:1979,171,1,0
BRDA:1981,172,0,0
BRDA:1981,172,1,0
BRDA:1983,173,0,0
BRDA:1983,173,1,0
BRDA:1985,174,0,0
BRDA:1985,174,1,0
BRDA:1987,175,0,0
BRDA:1987,175,1,0
BRDA:1989,176,0,0
BRDA:1989,176,1,0
BRDA:1991,177,0,0
BRDA:1991,177,1,0
BRDA:1992,178,0,0
BRDA:1992,178,1,0
BRDA:1993,179,0,0
BRDA:1993,179,1,0
BRDA:1993,180,0,0
BRDA:1993,180,1,0
BRDA:1995,181,0,0
BRDA:1995,181,1,0
BRDA:2011,182,0,0
BRDA:2011,182,1,0
BRDA:2012,183,0,0
BRDA:2012,183,1,0
BRDA:2013,184,0,0
BRDA:2013,184,1,0
BRDA:2013,185,0,0
BRDA:2013,185,1,0
BRDA:2039,186,0,0
BRDA:2039,186,1,0
BRDA:2046,187,0,0
BRDA:2046,187,1,0
BRDA:2055,188,0,0
BRDA:2055,188,1,0
BRDA:2065,189,0,0
BRDA:2065,189,1,0
BRDA:2073,190,0,0
BRDA:2073,190,1,0
BRDA:2100,191,0,79
BRDA:2100,191,1,0
BRDA:2109,192,0,51
BRDA:2109,192,1,19
BRDA:2118,193,0,0
BRDA:2118,193,1,0
BRDA:2146,194,0,149
BRDA:2146,194,1,33
BRDA:2146,195,0,182
BRDA:2146,195,1,149
BRDA:2146,196,0,149
BRDA:2146,196,1,0
BRDA:2151,197,0,147
BRDA:2151,197,1,149
BRDA:2151,198,0,296
BRDA:2151,198,1,296
BRDA:2156,199,0,0
BRDA:2156,199,1,149
BRDA:2164,200,0,1
BRDA:2164,200,1,148
BRDA:2164,201,0,149
BRDA:2164,201,1,149
BRDA:2170,202,0,146
BRDA:2170,202,1,2
BRDA:2170,203,0,148
BRDA:2170,203,1,148
BRDA:2180,204,0,147
BRDA:2180,204,1,2
BRDA:2186,205,0,33
BRDA:2186,205,1,0
BRDA:2196,206,0,0
BRDA:2196,206,1,0
BRDA:2221,207,0,1
BRDA:2221,207,1,0
BRDA:2249,208,0,12
BRDA:2249,208,1,0
BRDA:2271,209,0,12
BRDA:2271,209,1,1
BRDA:2290,210,0,0
BRDA:2290,210,1,19
BRDA:2293,211,0,0
BRDA:2293,211,1,19
BRDA:2297,212,0,19
BRDA:2297,212,1,0
BRDA:2337,213,0,0
BRDA:2337,213,1,19
BRDA:2383,214,0,0
BRDA:2383,214,1,0
BRDA:2383,214,2,0
BRDA:2404,215,0,0
BRDA:2404,215,1,0
BRDA:2411,216,0,36
BRDA:2411,216,1,36
BRDA:2431,217,0,19
BRDA:2431,217,1,0
BRDA:2437,218,0,0
BRDA:2437,218,1,0
BRDA:2446,219,0,0
BRDA:2446,219,1,19
BRDA:2493,220,0,0
BRDA:2493,220,1,8
BRDA:2497,221,0,0
BRDA:2497,221,1,8
BRDA:2497,222,0,8
BRDA:2497,222,1,8
BRDA:2501,223,0,0
BRDA:2501,223,1,8
BRDA:2501,224,0,8
BRDA:2501,224,1,8
BRDA:2501,224,2,8
BRDA:2536,225,0,13
BRDA:2536,225,1,0
BRDA:2546,226,0,13
BRDA:2546,226,1,1
BRDA:2546,226,2,13
BRDA:2560,227,0,13
BRDA:2560,227,1,0
BRDA:2581,228,0,1
BRDA:2581,228,1,19
BRDA:2616,229,0,0
BRDA:2616,229,1,0
BRDA:2635,230,0,0
BRDA:2635,230,1,0
BRDA:2646,231,0,0
BRDA:2646,231,1,0
BRDA:2647,232,0,0
BRDA:2647,232,1,0
BRDA:2658,233,0,0
BRDA:2658,233,1,0
BRDA:2660,234,0,0
BRDA:2660,234,1,0
BRDA:2661,235,0,0
BRDA:2661,235,1,0
BRF:480
BRH:149
end_of_record
TN:
SF:./node_modules/karma-jasmine/lib/adapter.js
FN:1,(anonymous_1)
FN:3,(anonymous_2)
FN:21,(anonymous_3)
FN:37,(anonymous_4)
FN:59,(anonymous_5)
FN:61,(anonymous_6)
FN:64,(anonymous_7)
FN:91,(anonymous_8)
FN:104,(anonymous_9)
FN:110,(anonymous_10)
FN:117,(anonymous_11)
FN:121,(anonymous_12)
FN:155,(anonymous_13)
FN:159,(anonymous_14)
FN:160,(anonymous_15)
FNF:15
FNH:12
FNDA:1,(anonymous_1)
FNDA:0,(anonymous_2)
FNDA:0,(anonymous_3)
FNDA:1,(anonymous_4)
FNDA:1,(anonymous_5)
FNDA:1,(anonymous_6)
FNDA:13,(anonymous_7)
FNDA:1,(anonymous_8)
FNDA:1,(anonymous_9)
FNDA:13,(anonymous_10)
FNDA:19,(anonymous_11)
FNDA:19,(anonymous_12)
FNDA:0,(anonymous_13)
FNDA:1,(anonymous_14)
FNDA:1,(anonymous_15)
DA:1,1
DA:3,1
DA:5,0
DA:6,0
DA:7,0
DA:9,0
DA:10,0
DA:11,0
DA:15,0
DA:18,0
DA:21,1
DA:22,0
DA:23,0
DA:26,0
DA:27,0
DA:28,0
DA:32,0
DA:37,1
DA:38,1
DA:39,1
DA:40,1
DA:42,1
DA:43,0
DA:48,1
DA:49,0
DA:52,1
DA:59,1
DA:61,1
DA:62,1
DA:64,1
DA:65,13
DA:66,13
DA:68,13
DA:69,1
DA:70,1
DA:71,1
DA:74,13
DA:75,13
DA:76,19
DA:80,1
DA:81,1
DA:82,1
DA:83,12
DA:84,12
DA:85,12
DA:88,1
DA:91,1
DA:92,1
DA:93,1
DA:97,1
DA:98,1
DA:101,1
DA:104,1
DA:105,1
DA:110,1
DA:112,13
DA:113,13
DA:114,13
DA:117,1
DA:118,19
DA:121,1
DA:122,19
DA:132,19
DA:133,19
DA:134,20
DA:135,20
DA:138,19
DA:139,0
DA:140,0
DA:141,0
DA:142,0
DA:147,19
DA:150,19
DA:151,19
DA:152,19
DA:155,1
DA:159,1
DA:160,1
DA:163,1
DA:165,1
DA:166,1
DA:171,1
LF:82
LH:62
BRDA:7,1,0,0
BRDA:7,1,1,0
BRDA:10,2,0,0
BRDA:10,2,1,0
BRDA:10,3,0,0
BRDA:10,3,1,0
BRDA:22,4,0,0
BRDA:22,4,1,0
BRDA:27,5,0,0
BRDA:27,5,1,0
BRDA:38,6,0,1
BRDA:38,6,1,1
BRDA:42,7,0,0
BRDA:42,7,1,1
BRDA:48,8,0,0
BRDA:48,8,1,1
BRDA:48,9,0,1
BRDA:48,9,1,1
BRDA:97,10,0,1
BRDA:97,10,1,0
BRDA:97,11,0,1
BRDA:97,11,1,0
BRDA:128,12,0,0
BRDA:128,12,1,19
BRDA:138,13,0,0
BRDA:138,13,1,19
BRDA:141,14,0,0
BRDA:141,14,1,0
BRDA:163,15,0,1
BRDA:163,15,1,1
BRF:30
BRH:12
end_of_record
TN:
SF:./client/bower_components/angular/angular.js
FN:6,(anonymous_1)
FN:36,minErr
FN:37,(anonymous_3)
FN:42,(anonymous_4)
FN:54,(anonymous_5)
FN:199,(anonymous_6)
FN:212,(anonymous_7)
FN:215,(anonymous_8)
FN:218,(anonymous_9)
FN:221,(anonymous_10)
FN:224,(anonymous_11)
FN:269,isArrayLike
FN:313,forEach
FN:340,sortedKeys
FN:350,forEachSorted
FN:364,reverseParams
FN:365,(anonymous_17)
FN:376,nextUid
FN:404,setHashKey
FN:427,extend
FN:429,(anonymous_21)
FN:431,(anonymous_22)
FN:441,int
FN:446,inherit
FN:447,(anonymous_25)
FN:466,noop
FN:486,identity
FN:490,valueFn
FN:490,(anonymous_29)
FN:504,isUndefined
FN:519,isDefined
FN:535,isObject
FN:550,isString
FN:565,isNumber
FN:580,isDate
FN:597,(anonymous_36)
FN:599,(anonymous_37)
FN:618,isFunction
FN:628,isRegExp
FN:640,isWindow
FN:645,isScope
FN:650,isFile
FN:655,isBlob
FN:660,isBoolean
FN:665,(anonymous_45)
FN:670,(anonymous_46)
FN:674,(anonymous_47)
FN:692,isElement
FN:702,makeMap
FN:711,(anonymous_50)
FN:717,(anonymous_51)
FN:723,map
FN:725,(anonymous_53)
FN:744,size
FN:759,includes
FN:763,indexOf
FN:772,arrayRemove
FN:779,isLeafNode
FN:849,copy
FN:896,(anonymous_60)
FN:917,shallowCopy
FN:967,equals
FN:1008,csp
FN:1015,concat
FN:1019,sliceArgs
FN:1043,bind
FN:1047,(anonymous_67)
FN:1052,(anonymous_68)
FN:1064,toJsonReplacer
FN:1095,toJson
FN:1113,fromJson
FN:1120,toBoolean
FN:1135,startingTag
FN:1149,(anonymous_74)
FN:1167,tryDecodeURIComponent
FN:1180,parseKeyValue
FN:1182,(anonymous_77)
FN:1201,toKeyValue
FN:1203,(anonymous_79)
FN:1205,(anonymous_80)
FN:1229,encodeUriSegment
FN:1248,encodeUriQuery
FN:1304,angularInit
FN:1311,append
FN:1315,(anonymous_85)
FN:1326,(anonymous_86)
FN:1334,(anonymous_87)
FN:1402,bootstrap
FN:1403,(anonymous_89)
FN:1412,(anonymous_90)
FN:1418,(anonymous_91)
FN:1419,(anonymous_92)
FN:1435,(anonymous_93)
FN:1436,(anonymous_94)
FN:1444,snake_case
FN:1446,(anonymous_96)
FN:1451,bindJQuery
FN:1479,assertArg
FN:1486,assertArgFn
FN:1501,assertNotHasOwnProperty
FN:1515,getter
FN:1539,getBlockElements
FN:1567,setupModuleLoader
FN:1572,ensure
FN:1581,(anonymous_105)
FN:1636,module
FN:1637,(anonymous_107)
FN:1647,(anonymous_108)
FN:1839,(anonymous_109)
FN:1857,invokeLater
FN:1858,(anonymous_111)
FN:1970,publishExternalAPI
FN:2009,ngModule
FN:2193,(anonymous_114)
FN:2194,(anonymous_115)
FN:2196,(anonymous_116)
FN:2197,(anonymous_117)
FN:2202,(anonymous_118)
FN:2207,jqNextId
FN:2219,camelCase
FN:2221,(anonymous_121)
FN:2235,jqLitePatchJQueryRemove
FN:2241,removePatch
FN:2289,jqLiteIsTextNode
FN:2293,jqLiteBuildFragment
FN:2328,jqLiteParseHTML
FN:2340,JQLite
FN:2363,jqLiteClone
FN:2367,jqLiteDealoc
FN:2374,jqLiteOff
FN:2383,(anonymous_131)
FN:2388,(anonymous_132)
FN:2399,jqLiteRemoveData
FN:2418,jqLiteExpandoStore
FN:2433,jqLiteData
FN:2459,jqLiteHasClass
FN:2465,jqLiteRemoveClass
FN:2467,(anonymous_138)
FN:2477,jqLiteAddClass
FN:2482,(anonymous_140)
FN:2493,jqLiteAddNodes
FN:2504,jqLiteController
FN:2508,jqLiteInheritedData
FN:2531,jqLiteEmpty
FN:2544,(anonymous_145)
FN:2547,trigger
FN:2564,(anonymous_147)
FN:2566,(anonymous_148)
FN:2570,(anonymous_149)
FN:2586,(anonymous_150)
FN:2590,(anonymous_151)
FN:2594,getBooleanAttrName
FN:2606,(anonymous_153)
FN:2611,(anonymous_154)
FN:2618,(anonymous_155)
FN:2622,(anonymous_156)
FN:2628,(anonymous_157)
FN:2653,(anonymous_158)
FN:2681,(anonymous_159)
FN:2689,(anonymous_160)
FN:2701,getText
FN:2710,(anonymous_162)
FN:2714,(anonymous_163)
FN:2726,(anonymous_164)
FN:2737,(anonymous_165)
FN:2741,(anonymous_166)
FN:2788,createEventHandler
FN:2789,(anonymous_168)
FN:2791,(anonymous_169)
FN:2797,(anonymous_170)
FN:2808,(anonymous_171)
FN:2815,(anonymous_172)
FN:2822,(anonymous_173)
FN:2854,onFn
FN:2863,(anonymous_175)
FN:2869,(anonymous_176)
FN:2879,(anonymous_177)
FN:2897,(anonymous_178)
FN:2918,(anonymous_179)
FN:2924,onFn
FN:2931,(anonymous_181)
FN:2934,(anonymous_182)
FN:2944,(anonymous_183)
FN:2946,(anonymous_184)
FN:2953,(anonymous_185)
FN:2957,(anonymous_186)
FN:2958,(anonymous_187)
FN:2965,(anonymous_188)
FN:2968,(anonymous_189)
FN:2974,(anonymous_190)
FN:2983,(anonymous_191)
FN:2989,(anonymous_192)
FN:2991,(anonymous_193)
FN:3000,(anonymous_194)
FN:3002,(anonymous_195)
FN:3012,(anonymous_196)
FN:3017,(anonymous_197)
FN:3030,(anonymous_198)
FN:3040,(anonymous_199)
FN:3050,(anonymous_200)
FN:3054,(anonymous_201)
FN:3058,(anonymous_202)
FN:3091,hashKey
FN:3112,HashMap
FN:3115,(anonymous_205)
FN:3127,(anonymous_206)
FN:3135,(anonymous_207)
FN:3143,(anonymous_208)
FN:3216,annotate
FN:3228,(anonymous_210)
FN:3229,(anonymous_211)
FN:3737,createInjector
FN:3753,(anonymous_213)
FN:3758,(anonymous_214)
FN:3764,(anonymous_215)
FN:3772,supportObject
FN:3773,(anonymous_217)
FN:3782,provider
FN:3793,factory
FN:3795,service
FN:3796,(anonymous_221)
FN:3801,value
FN:3803,constant
FN:3809,decorator
FN:3813,(anonymous_225)
FN:3822,loadModules
FN:3824,(anonymous_227)
FN:3869,createInternalInjector
FN:3871,getService
FN:3894,invoke
FN:3921,instantiate
FN:3922,(anonymous_232)
FN:3939,(anonymous_233)
FN:3995,$AnchorScrollProvider
FN:3999,(anonymous_235)
FN:4003,(anonymous_236)
FN:4010,getFirstAnchor
FN:4012,(anonymous_238)
FN:4018,scroll
FN:4037,autoScrollWatch
FN:4038,autoScrollWatchAction
FN:4062,(anonymous_242)
FN:4099,(anonymous_243)
FN:4121,(anonymous_244)
FN:4128,(anonymous_245)
FN:4130,async
FN:4168,(anonymous_247)
FN:4191,(anonymous_248)
FN:4214,(anonymous_249)
FN:4233,(anonymous_250)
FN:4237,(anonymous_251)
FN:4256,(anonymous_252)
FN:4260,(anonymous_253)
FN:4280,(anonymous_254)
FN:4281,(anonymous_255)
FN:4293,$$AsyncCallbackProvider
FN:4294,(anonymous_257)
FN:4296,(anonymous_258)
FN:4297,(anonymous_259)
FN:4325,Browser
FN:4341,(anonymous_261)
FN:4347,completeOutstandingRequest
FN:4370,(anonymous_263)
FN:4374,(anonymous_264)
FN:4400,(anonymous_265)
FN:4414,startPoller
FN:4415,check
FN:4416,(anonymous_268)
FN:4448,(anonymous_269)
FN:4485,fireUrlChange
FN:4490,(anonymous_271)
FN:4516,(anonymous_272)
FN:4550,(anonymous_273)
FN:4582,(anonymous_274)
FN:4645,(anonymous_275)
FN:4648,(anonymous_276)
FN:4667,(anonymous_277)
FN:4679,$BrowserProvider
FN:4681,(anonymous_279)
FN:4765,$CacheFactoryProvider
FN:4767,(anonymous_281)
FN:4770,cacheFactory
FN:4842,(anonymous_283)
FN:4871,(anonymous_284)
FN:4894,(anonymous_285)
FN:4920,(anonymous_286)
FN:4937,(anonymous_287)
FN:4961,(anonymous_288)
FN:4970,refresh
FN:4989,link
FN:5007,(anonymous_291)
FN:5009,(anonymous_292)
FN:5026,(anonymous_293)
FN:5077,$TemplateCacheProvider
FN:5078,(anonymous_295)
FN:5586,$CompileProvider
FN:5612,registerDirective
FN:5619,(anonymous_298)
FN:5621,(anonymous_299)
FN:5670,(anonymous_300)
FN:5700,(anonymous_301)
FN:5712,(anonymous_302)
FN:5715,(anonymous_303)
FN:5735,(anonymous_304)
FN:5752,(anonymous_305)
FN:5770,(anonymous_306)
FN:5792,(anonymous_307)
FN:5836,(anonymous_308)
FN:5864,(anonymous_309)
FN:5870,(anonymous_310)
FN:5884,denormalizeTemplate
FN:5894,compile
FN:5903,(anonymous_313)
FN:5912,publicLinkFn
FN:5920,(anonymous_315)
FN:5939,safeAddClass
FN:5963,compileNodes
FN:6002,compositeLinkFn
FN:6048,createBoundTranscludeFn
FN:6050,(anonymous_320)
FN:6061,(anonymous_321)
FN:6079,collectDirectives
FN:6173,groupScan
FN:6206,groupElementsLinkFnWrapper
FN:6207,(anonymous_325)
FN:6236,applyDirectivesToNode
FN:6437,addLinkFns
FN:6459,getControllers
FN:6484,(anonymous_329)
FN:6492,nodeLinkFn
FN:6519,(anonymous_331)
FN:6532,(anonymous_332)
FN:6551,(anonymous_333)
FN:6553,(anonymous_334)
FN:6561,parentValueWatch
FN:6579,(anonymous_336)
FN:6594,(anonymous_337)
FN:6656,controllersBoundTransclude
FN:6674,markDirectivesAsIsolate
FN:6695,addDirective
FN:6727,mergeTemplateAttributes
FN:6733,(anonymous_342)
FN:6743,(anonymous_343)
FN:6761,compileTemplateUrl
FN:6779,(anonymous_345)
FN:6817,(anonymous_346)
FN:6855,(anonymous_347)
FN:6859,delayedNodeLinkFn
FN:6879,byPriority
FN:6887,assertNoDuplicate
FN:6895,addTextInterpolateDirective
FN:6900,textInterpolateCompileFn
FN:6906,textInterpolateLinkFn
FN:6912,interpolateFnWatchAction
FN:6922,getTrustedContext
FN:6937,addAttrInterpolateDirective
FN:6952,(anonymous_357)
FN:6954,attrInterpolatePreLinkFn
FN:6976,interpolateFnWatchAction
FN:7006,replaceWith
FN:7049,cloneAndAnnotateFn
FN:7050,(anonymous_362)
FN:7067,directiveNormalize
FN:7114,nodesetLinkingFn
FN:7121,directiveLinkingFn
FN:7129,tokenDifference
FN:7155,$ControllerProvider
FN:7168,(anonymous_368)
FN:7178,(anonymous_369)
FN:7202,(anonymous_370)
FN:7258,$DocumentProvider
FN:7259,(anonymous_372)
FN:7296,$ExceptionHandlerProvider
FN:7297,(anonymous_374)
FN:7298,(anonymous_375)
FN:7310,parseHeaders
FN:7315,(anonymous_377)
FN:7345,headersGetter
FN:7348,(anonymous_379)
FN:7370,transformData
FN:7374,(anonymous_381)
FN:7382,isSuccess
FN:7393,$HttpProvider
FN:7422,(anonymous_384)
FN:7433,(anonymous_385)
FN:7464,(anonymous_386)
FN:7475,(anonymous_387)
FN:7480,(anonymous_388)
FN:7491,(anonymous_389)
FN:7494,(anonymous_390)
FN:7995,$http
FN:8007,(anonymous_392)
FN:8013,(anonymous_393)
FN:8032,(anonymous_394)
FN:8048,(anonymous_395)
FN:8049,(anonymous_396)
FN:8055,(anonymous_397)
FN:8056,(anonymous_398)
FN:8064,transformResponse
FN:8074,mergeHeaders
FN:8099,execHeaders
FN:8102,(anonymous_402)
FN:8211,createShortMethods
FN:8212,(anonymous_404)
FN:8213,(anonymous_405)
FN:8223,createShortMethodsWithData
FN:8224,(anonymous_407)
FN:8225,(anonymous_408)
FN:8242,sendReq
FN:8304,done
FN:8322,resolvePromise
FN:8336,removePendingReq
FN:8343,buildUrl
FN:8346,(anonymous_414)
FN:8350,(anonymous_415)
FN:8368,createXhr
FN:8398,$HttpBackendProvider
FN:8399,(anonymous_418)
FN:8404,createHttpBackend
FN:8408,(anonymous_420)
FN:8415,(anonymous_421)
FN:8421,(anonymous_422)
FN:8430,(anonymous_423)
FN:8439,(anonymous_424)
FN:8505,timeoutRequest
FN:8511,completeRequest
FN:8532,jsonpReq
FN:8541,(anonymous_428)
FN:8566,(anonymous_429)
FN:8619,$InterpolateProvider
FN:8632,(anonymous_431)
FN:8650,(anonymous_432)
FN:8660,(anonymous_433)
FN:8702,$interpolate
FN:8749,(anonymous_435)
FN:8807,(anonymous_436)
FN:8823,(anonymous_437)
FN:8831,$IntervalProvider
FN:8833,(anonymous_439)
FN:8961,interval
FN:8973,tick
FN:9002,(anonymous_442)
FN:9026,$LocaleProvider
FN:9027,(anonymous_444)
FN:9078,(anonymous_445)
FN:9099,encodePath
FN:9110,parseAbsoluteUrl
FN:9119,parseAppUrl
FN:9144,beginsWith
FN:9151,stripHash
FN:9157,stripFile
FN:9162,serverBase
FN:9175,LocationHtml5Url
FN:9187,(anonymous_454)
FN:9207,(anonymous_455)
FN:9215,(anonymous_456)
FN:9243,LocationHashbangUrl
FN:9254,(anonymous_458)
FN:9283,removeWindowsDriveName
FN:9311,(anonymous_460)
FN:9319,(anonymous_461)
FN:9336,LocationHashbangInHtml5Url
FN:9342,(anonymous_463)
FN:9354,(anonymous_464)
FN:9411,(anonymous_465)
FN:9479,(anonymous_466)
FN:9529,(anonymous_467)
FN:9538,(anonymous_468)
FN:9584,(anonymous_469)
FN:9590,locationGetter
FN:9591,(anonymous_471)
FN:9597,locationGetterSetter
FN:9598,(anonymous_473)
FN:9642,$LocationProvider
FN:9653,(anonymous_475)
FN:9669,(anonymous_476)
FN:9706,(anonymous_477)
FN:9723,(anonymous_478)
FN:9799,(anonymous_479)
FN:9801,(anonymous_480)
FN:9819,$locationWatch
FN:9825,(anonymous_482)
FN:9842,afterLocationChange
FN:9891,$LogProvider
FN:9902,(anonymous_485)
FN:9911,(anonymous_486)
FN:9956,(anonymous_487)
FN:9959,(anonymous_488)
FN:9967,formatError
FN:9980,consoleLog
FN:9992,(anonymous_491)
FN:9994,(anonymous_492)
FN:10003,(anonymous_493)
FN:10036,ensureSafeMemberName
FN:10047,ensureSafeObject
FN:10078,ensureSafeFunction
FN:10094,(anonymous_497)
FN:10095,(anonymous_498)
FN:10096,(anonymous_499)
FN:10098,(anonymous_500)
FN:10107,(anonymous_501)
FN:10111,(anonymous_502)
FN:10112,(anonymous_503)
FN:10113,(anonymous_504)
FN:10114,(anonymous_505)
FN:10116,(anonymous_506)
FN:10117,(anonymous_507)
FN:10118,(anonymous_508)
FN:10119,(anonymous_509)
FN:10120,(anonymous_510)
FN:10121,(anonymous_511)
FN:10122,(anonymous_512)
FN:10123,(anonymous_513)
FN:10124,(anonymous_514)
FN:10125,(anonymous_515)
FN:10126,(anonymous_516)
FN:10128,(anonymous_517)
FN:10129,(anonymous_518)
FN:10141,(anonymous_519)
FN:10148,(anonymous_520)
FN:10202,(anonymous_521)
FN:10206,(anonymous_522)
FN:10210,(anonymous_523)
FN:10215,(anonymous_524)
FN:10219,(anonymous_525)
FN:10225,(anonymous_526)
FN:10231,(anonymous_527)
FN:10235,(anonymous_528)
FN:10244,(anonymous_529)
FN:10275,(anonymous_530)
FN:10279,(anonymous_531)
FN:10330,(anonymous_532)
FN:10333,(anonymous_533)
FN:10353,(anonymous_534)
FN:10388,(anonymous_535)
FN:10404,(anonymous_536)
FN:10410,(anonymous_537)
FN:10419,(anonymous_538)
FN:10436,(anonymous_539)
FN:10473,(anonymous_540)
FN:10479,(anonymous_541)
FN:10485,(anonymous_542)
FN:10497,(anonymous_543)
FN:10506,(anonymous_544)
FN:10512,(anonymous_545)
FN:10513,(anonymous_546)
FN:10520,(anonymous_547)
FN:10521,(anonymous_548)
FN:10528,(anonymous_549)
FN:10529,(anonymous_550)
FN:10536,(anonymous_551)
FN:10546,(anonymous_552)
FN:10560,(anonymous_553)
FN:10572,(anonymous_554)
FN:10580,(anonymous_555)
FN:10587,(anonymous_556)
FN:10594,(anonymous_557)
FN:10598,(anonymous_558)
FN:10608,(anonymous_559)
FN:10615,(anonymous_560)
FN:10631,(anonymous_561)
FN:10643,(anonymous_562)
FN:10652,(anonymous_563)
FN:10661,(anonymous_564)
FN:10670,(anonymous_565)
FN:10679,(anonymous_566)
FN:10688,(anonymous_567)
FN:10701,(anonymous_568)
FN:10706,(anonymous_569)
FN:10709,(anonymous_570)
FN:10715,(anonymous_571)
FN:10721,(anonymous_572)
FN:10733,(anonymous_573)
FN:10739,(anonymous_574)
FN:10748,(anonymous_575)
FN:10759,(anonymous_576)
FN:10781,(anonymous_577)
FN:10799,(anonymous_578)
FN:10811,(anonymous_579)
FN:10832,(anonymous_580)
FN:10851,setter
FN:10867,(anonymous_582)
FN:10868,(anonymous_583)
FN:10891,cspSafeGetterFn
FN:10899,cspSafeGetter
FN:10923,cspSafePromiseEnabledGetter
FN:10935,(anonymous_587)
FN:10948,(anonymous_588)
FN:10961,(anonymous_589)
FN:10974,(anonymous_590)
FN:10987,(anonymous_591)
FN:10995,getterFn
FN:11013,(anonymous_593)
FN:11027,(anonymous_594)
FN:11053,(anonymous_595)
FN:11118,$ParseProvider
FN:11172,(anonymous_597)
FN:11199,(anonymous_598)
FN:11209,(anonymous_599)
FN:11212,promiseWarningFn
FN:11219,(anonymous_601)
FN:11415,$QProvider
FN:11417,(anonymous_603)
FN:11418,(anonymous_604)
FN:11433,qFactory
FN:11445,(anonymous_606)
FN:11451,(anonymous_607)
FN:11458,(anonymous_608)
FN:11470,(anonymous_609)
FN:11475,(anonymous_610)
FN:11480,(anonymous_611)
FN:11493,(anonymous_612)
FN:11496,(anonymous_613)
FN:11505,(anonymous_614)
FN:11514,(anonymous_615)
FN:11531,(anonymous_616)
FN:11535,(anonymous_617)
FN:11537,makePromise
FN:11547,handleCallback
FN:11555,(anonymous_620)
FN:11557,(anonymous_621)
FN:11565,(anonymous_622)
FN:11567,(anonymous_623)
FN:11578,(anonymous_624)
FN:11581,(anonymous_625)
FN:11583,(anonymous_626)
FN:11628,(anonymous_627)
FN:11634,(anonymous_628)
FN:11636,(anonymous_629)
FN:11638,(anonymous_630)
FN:11665,(anonymous_631)
FN:11669,(anonymous_632)
FN:11678,(anonymous_633)
FN:11687,(anonymous_634)
FN:11695,(anonymous_635)
FN:11696,(anonymous_636)
FN:11700,(anonymous_637)
FN:11704,(anonymous_638)
FN:11714,defaultCallback
FN:11719,defaultErrback
FN:11739,all
FN:11744,(anonymous_642)
FN:11746,(anonymous_643)
FN:11750,(anonymous_644)
FN:11771,$$RAFProvider
FN:11772,(anonymous_646)
FN:11784,(anonymous_647)
FN:11786,(anonymous_648)
FN:11790,(anonymous_649)
FN:11792,(anonymous_650)
FN:11870,$RootScopeProvider
FN:11875,(anonymous_652)
FN:11883,(anonymous_653)
FN:11925,Scope
FN:11973,(anonymous_655)
FN:11987,(anonymous_656)
FN:12129,(anonymous_657)
FN:12146,(anonymous_658)
FN:12151,(anonymous_659)
FN:12164,deregisterWatch
FN:12226,(anonymous_661)
FN:12244,$watchCollectionWatch
FN:12315,$watchCollectionAction
FN:12398,(anonymous_664)
FN:12540,(anonymous_665)
FN:12576,(anonymous_666)
FN:12607,(anonymous_667)
FN:12640,(anonymous_668)
FN:12644,(anonymous_669)
FN:12654,(anonymous_670)
FN:12703,(anonymous_671)
FN:12746,(anonymous_672)
FN:12762,(anonymous_673)
FN:12791,(anonymous_674)
FN:12799,(anonymous_675)
FN:12800,(anonymous_676)
FN:12858,(anonymous_677)
FN:12865,(anonymous_678)
FN:12914,beginPhase
FN:12922,clearPhase
FN:12926,compileToFn
FN:12932,decrementListenerCount
FN:12946,initWatchVal
FN:12954,$$SanitizeUriProvider
FN:12974,(anonymous_685)
FN:12999,(anonymous_686)
FN:13007,(anonymous_687)
FN:13008,sanitizeUri
FN:13040,escapeForRegexp
FN:13046,adjustMatcher
FN:13074,adjustMatchers
FN:13077,(anonymous_692)
FN:13152,$SceDelegateProvider
FN:13181,(anonymous_694)
FN:13215,(anonymous_695)
FN:13222,(anonymous_696)
FN:13224,htmlSanitizer
FN:13233,matchUrl
FN:13242,isResourceUrlAllowedByPolicy
FN:13264,generateHolderType
FN:13265,TrustedValueHolderType
FN:13266,(anonymous_702)
FN:13273,sceValueOf
FN:13276,sceToString
FN:13308,trustAs
FN:13346,valueOf
FN:13369,getTrusted
FN:13682,$SceProvider
FN:13696,(anonymous_709)
FN:13750,(anonymous_710)
FN:13774,(anonymous_711)
FN:13782,(anonymous_712)
FN:13805,sceParseAs
FN:13810,sceParseAsTrusted
FN:14063,(anonymous_715)
FN:14065,(anonymous_716)
FN:14068,(anonymous_717)
FN:14071,(anonymous_718)
FN:14095,$SnifferProvider
FN:14096,(anonymous_720)
FN:14148,(anonymous_721)
FN:14172,$TimeoutProvider
FN:14174,(anonymous_723)
FN:14203,timeout
FN:14209,(anonymous_725)
FN:14242,(anonymous_726)
FN:14318,urlResolve
FN:14352,urlIsSameOrigin
FN:14399,$WindowProvider
FN:14495,$FilterProvider
FN:14506,register
FN:14509,(anonymous_732)
FN:14519,(anonymous_733)
FN:14520,(anonymous_734)
FN:14663,filterFilter
FN:14664,(anonymous_736)
FN:14670,(anonymous_737)
FN:14681,(anonymous_738)
FN:14685,(anonymous_739)
FN:14701,(anonymous_740)
FN:14744,(anonymous_741)
FN:14746,(anonymous_742)
FN:14818,currencyFilter
FN:14820,(anonymous_744)
FN:14879,numberFilter
FN:14881,(anonymous_746)
FN:14888,formatNumber
FN:14966,padNumber
FN:14980,dateGetter
FN:14982,(anonymous_750)
FN:14991,dateStrGetter
FN:14992,(anonymous_752)
FN:15000,timeZoneGetter
FN:15010,ampmGetter
FN:15126,dateFilter
FN:15131,jsonStringToDate
FN:15156,(anonymous_757)
FN:15190,(anonymous_758)
FN:15229,jsonFilter
FN:15230,(anonymous_760)
FN:15327,limitToFilter
FN:15328,(anonymous_762)
FN:15480,orderByFilter
FN:15481,(anonymous_764)
FN:15485,(anonymous_765)
FN:15495,(anonymous_766)
FN:15500,(anonymous_767)
FN:15508,comparator
FN:15515,reverseComparator
FN:15517,(anonymous_770)
FN:15520,compare
FN:15537,ngDirective
FN:15562,(anonymous_773)
FN:15580,(anonymous_774)
FN:15584,(anonymous_775)
FN:15939,(anonymous_776)
FN:15944,(anonymous_777)
FN:15947,(anonymous_778)
FN:15948,ngBooleanAttrWatchAction
FN:15958,(anonymous_780)
FN:15960,(anonymous_781)
FN:15963,(anonymous_782)
FN:15974,(anonymous_783)
FN:16038,FormController
FN:16059,toggleValidCss
FN:16074,(anonymous_786)
FN:16094,(anonymous_787)
FN:16098,(anonymous_788)
FN:16114,(anonymous_789)
FN:16162,(anonymous_790)
FN:16184,(anonymous_791)
FN:16189,(anonymous_792)
FN:16357,(anonymous_793)
FN:16358,(anonymous_794)
FN:16363,(anonymous_795)
FN:16365,(anonymous_796)
FN:16373,(anonymous_797)
FN:16383,(anonymous_798)
FN:16384,(anonymous_799)
FN:16397,(anonymous_800)
FN:16853,validate
FN:16858,testFlags
FN:16872,addNativeHtml5Validators
FN:16875,(anonymous_804)
FN:16890,textInputType
FN:16901,(anonymous_806)
FN:16905,(anonymous_807)
FN:16911,(anonymous_808)
FN:16939,(anonymous_809)
FN:16953,(anonymous_810)
FN:16955,(anonymous_811)
FN:16962,(anonymous_812)
FN:16982,(anonymous_813)
FN:16992,(anonymous_814)
FN:16998,(anonymous_815)
FN:17002,(anonymous_816)
FN:17021,(anonymous_817)
FN:17032,(anonymous_818)
FN:17043,numberInputType
FN:17046,(anonymous_820)
FN:17059,(anonymous_821)
FN:17064,(anonymous_822)
FN:17074,(anonymous_823)
FN:17083,(anonymous_824)
FN:17088,urlInputType
FN:17091,(anonymous_826)
FN:17099,emailInputType
FN:17102,(anonymous_828)
FN:17110,radioInputType
FN:17116,(anonymous_830)
FN:17118,(anonymous_831)
FN:17124,(anonymous_832)
FN:17132,checkboxInputType
FN:17139,(anonymous_834)
FN:17140,(anonymous_835)
FN:17145,(anonymous_836)
FN:17150,(anonymous_837)
FN:17154,(anonymous_838)
FN:17158,(anonymous_839)
FN:17304,(anonymous_840)
FN:17308,(anonymous_841)
FN:17462,(anonymous_842)
FN:17509,(anonymous_843)
FN:17523,toggleValidCss
FN:17546,(anonymous_845)
FN:17582,(anonymous_846)
FN:17610,(anonymous_847)
FN:17622,(anonymous_848)
FN:17629,(anonymous_849)
FN:17642,ngModelWatch
FN:17770,(anonymous_851)
FN:17774,(anonymous_852)
FN:17782,(anonymous_853)
FN:17851,(anonymous_854)
FN:17852,(anonymous_855)
FN:17859,(anonymous_856)
FN:17862,(anonymous_857)
FN:17866,(anonymous_858)
FN:17879,(anonymous_859)
FN:17942,(anonymous_860)
FN:17945,(anonymous_861)
FN:17949,(anonymous_862)
FN:17956,(anonymous_863)
FN:17965,(anonymous_864)
FN:17974,(anonymous_865)
FN:18035,(anonymous_866)
FN:18038,(anonymous_867)
FN:18040,ngValueConstantLink
FN:18044,ngValueLink
FN:18045,valueWatchAction
FN:18106,(anonymous_871)
FN:18108,(anonymous_872)
FN:18110,ngBindWatchAction
FN:18172,(anonymous_874)
FN:18173,(anonymous_875)
FN:18177,(anonymous_876)
FN:18230,(anonymous_877)
FN:18231,(anonymous_878)
FN:18235,getStringValue
FN:18237,ngBindHtmlWatchAction
FN:18243,classDirective
FN:18245,(anonymous_882)
FN:18248,(anonymous_883)
FN:18253,(anonymous_884)
FN:18259,(anonymous_885)
FN:18271,addClasses
FN:18276,removeClasses
FN:18281,digestClassCounts
FN:18284,(anonymous_889)
FN:18296,updateClasses
FN:18311,ngClassWatchAction
FN:18326,arrayDifference
FN:18340,arrayClasses
FN:18347,(anonymous_894)
FN:18658,(anonymous_895)
FN:18883,(anonymous_896)
FN:18972,(anonymous_897)
FN:18974,(anonymous_898)
FN:18976,(anonymous_899)
FN:18978,ngEventHandler
FN:18979,(anonymous_901)
FN:18980,(anonymous_902)
FN:19456,(anonymous_903)
FN:19463,(anonymous_904)
FN:19465,ngIfWatchAction
FN:19470,(anonymous_906)
FN:19492,(anonymous_907)
FN:19664,(anonymous_908)
FN:19671,(anonymous_909)
FN:19676,(anonymous_910)
FN:19682,(anonymous_911)
FN:19692,(anonymous_912)
FN:19700,ngIncludeWatchAction
FN:19701,(anonymous_914)
FN:19709,(anonymous_915)
FN:19720,(anonymous_916)
FN:19730,(anonymous_917)
FN:19750,(anonymous_918)
FN:19755,(anonymous_919)
FN:19820,(anonymous_920)
FN:19822,(anonymous_921)
FN:20035,(anonymous_922)
FN:20039,(anonymous_923)
FN:20049,(anonymous_924)
FN:20055,(anonymous_925)
FN:20061,ngPluralizeWatch
FN:20072,ngPluralizeWatchAction
FN:20277,(anonymous_928)
FN:20285,(anonymous_929)
FN:20303,(anonymous_930)
FN:20311,(anonymous_931)
FN:20314,(anonymous_932)
FN:20335,ngRepeatAction
FN:20384,(anonymous_934)
FN:20404,(anonymous_935)
FN:20447,(anonymous_936)
FN:20465,getBlockStart
FN:20469,getBlockEnd
FN:20622,(anonymous_939)
FN:20623,(anonymous_940)
FN:20624,ngShowWatchAction
FN:20778,(anonymous_942)
FN:20779,(anonymous_943)
FN:20780,ngHideWatchAction
FN:20832,(anonymous_945)
FN:20833,ngStyleWatchAction
FN:20835,(anonymous_947)
FN:20969,(anonymous_948)
FN:20975,ngSwitchController
FN:20978,(anonymous_950)
FN:20985,ngSwitchWatchAction
FN:20996,(anonymous_952)
FN:21006,(anonymous_953)
FN:21009,(anonymous_954)
FN:21026,(anonymous_955)
FN:21036,(anonymous_956)
FN:21097,(anonymous_957)
FN:21106,(anonymous_958)
FN:21146,(anonymous_959)
FN:21150,(anonymous_960)
FN:21299,(anonymous_961)
FN:21308,(anonymous_962)
FN:21319,(anonymous_963)
FN:21326,(anonymous_964)
FN:21337,(anonymous_965)
FN:21347,(anonymous_966)
FN:21356,(anonymous_967)
FN:21360,(anonymous_968)
FN:21366,(anonymous_969)
FN:21394,(anonymous_970)
FN:21408,setupAsSingle
FN:21409,(anonymous_972)
FN:21425,(anonymous_973)
FN:21426,(anonymous_974)
FN:21433,setupAsMultiple
FN:21435,(anonymous_976)
FN:21437,(anonymous_977)
FN:21444,selectMultipleWatch
FN:21451,(anonymous_979)
FN:21452,(anonymous_980)
FN:21454,(anonymous_981)
FN:21464,setupAsOptions
FN:21505,(anonymous_983)
FN:21506,(anonymous_984)
FN:21573,render
FN:21750,(anonymous_986)
FN:21759,(anonymous_987)
FN:21767,(anonymous_988)
FN:21782,interpolateWatchAction
FN:21791,(anonymous_990)
FN:21816,(anonymous_991)
FNF:991
FNH:299
FNDA:1,(anonymous_1)
FNDA:33,minErr
FNDA:1,(anonymous_3)
FNDA:1,(anonymous_4)
FNDA:1,(anonymous_5)
FNDA:93,(anonymous_6)
FNDA:18,(anonymous_7)
FNDA:0,(anonymous_8)
FNDA:0,(anonymous_9)
FNDA:0,(anonymous_10)
FNDA:0,(anonymous_11)
FNDA:3506,isArrayLike
FNDA:5712,forEach
FNDA:0,sortedKeys
FNDA:0,forEachSorted
FNDA:133,reverseParams
FNDA:1843,(anonymous_17)
FNDA:31,nextUid
FNDA:1314,setHashKey
FNDA:1276,extend
FNDA:2633,(anonymous_21)
FNDA:2713,(anonymous_22)
FNDA:40,int
FNDA:0,inherit
FNDA:0,(anonymous_25)
FNDA:15,noop
FNDA:0,identity
FNDA:53,valueFn
FNDA:24,(anonymous_29)
FNDA:679,isUndefined
FNDA:1139,isDefined
FNDA:6237,isObject
FNDA:9243,isString
FNDA:6,isNumber
FNDA:47,isDate
FNDA:1,(anonymous_36)
FNDA:0,(anonymous_37)
FNDA:15957,isFunction
FNDA:47,isRegExp
FNDA:3664,isWindow
FNDA:134,isScope
FNDA:0,isFile
FNDA:0,isBlob
FNDA:0,isBoolean
FNDA:1,(anonymous_45)
FNDA:0,(anonymous_46)
FNDA:46,(anonymous_47)
FNDA:0,isElement
FNDA:0,makeMap
FNDA:0,(anonymous_50)
FNDA:2,(anonymous_51)
FNDA:0,map
FNDA:0,(anonymous_53)
FNDA:0,size
FNDA:0,includes
FNDA:52,indexOf
FNDA:0,arrayRemove
FNDA:0,isLeafNode
FNDA:84,copy
FNDA:0,(anonymous_60)
FNDA:66,shallowCopy
FNDA:25,equals
FNDA:20,csp
FNDA:8,concat
FNDA:0,sliceArgs
FNDA:19,bind
FNDA:0,(anonymous_67)
FNDA:0,(anonymous_68)
FNDA:0,toJsonReplacer
FNDA:0,toJson
FNDA:0,fromJson
FNDA:0,toBoolean
FNDA:0,startingTag
FNDA:0,(anonymous_74)
FNDA:0,tryDecodeURIComponent
FNDA:19,parseKeyValue
FNDA:19,(anonymous_77)
FNDA:19,toKeyValue
FNDA:0,(anonymous_79)
FNDA:0,(anonymous_80)
FNDA:38,encodeUriSegment
FNDA:38,encodeUriQuery
FNDA:1,angularInit
FNDA:4,append
FNDA:4,(anonymous_85)
FNDA:1,(anonymous_86)
FNDA:0,(anonymous_87)
FNDA:0,bootstrap
FNDA:0,(anonymous_89)
FNDA:0,(anonymous_90)
FNDA:0,(anonymous_91)
FNDA:0,(anonymous_92)
FNDA:0,(anonymous_93)
FNDA:0,(anonymous_94)
FNDA:0,snake_case
FNDA:0,(anonymous_96)
FNDA:1,bindJQuery
FNDA:3402,assertArg
FNDA:1140,assertArgFn
FNDA:7226,assertNotHasOwnProperty
FNDA:0,getter
FNDA:0,getBlockElements
FNDA:1,setupModuleLoader
FNDA:1354,ensure
FNDA:1,(anonymous_105)
FNDA:1352,module
FNDA:1352,(anonymous_107)
FNDA:98,(anonymous_108)
FNDA:58,(anonymous_109)
FNDA:970,invokeLater
FNDA:168,(anonymous_111)
FNDA:1,publishExternalAPI
FNDA:19,ngModule
FNDA:27,(anonymous_114)
FNDA:0,(anonymous_115)
FNDA:27,(anonymous_116)
FNDA:0,(anonymous_117)
FNDA:0,(anonymous_118)
FNDA:28,jqNextId
FNDA:140,camelCase
FNDA:260,(anonymous_121)
FNDA:0,jqLitePatchJQueryRemove
FNDA:0,removePatch
FNDA:21,jqLiteIsTextNode
FNDA:21,jqLiteBuildFragment
FNDA:21,jqLiteParseHTML
FNDA:213,JQLite
FNDA:0,jqLiteClone
FNDA:0,jqLiteDealoc
FNDA:46,jqLiteOff
FNDA:27,(anonymous_131)
FNDA:0,(anonymous_132)
FNDA:0,jqLiteRemoveData
FNDA:202,jqLiteExpandoStore
FNDA:1,jqLiteData
FNDA:0,jqLiteHasClass
FNDA:0,jqLiteRemoveClass
FNDA:0,(anonymous_138)
FNDA:1,jqLiteAddClass
FNDA:1,(anonymous_140)
FNDA:96,jqLiteAddNodes
FNDA:0,jqLiteController
FNDA:0,jqLiteInheritedData
FNDA:0,jqLiteEmpty
FNDA:1,(anonymous_145)
FNDA:2,trigger
FNDA:0,(anonymous_147)
FNDA:0,(anonymous_148)
FNDA:1,(anonymous_149)
FNDA:7,(anonymous_150)
FNDA:7,(anonymous_151)
FNDA:3,getBooleanAttrName
FNDA:0,(anonymous_153)
FNDA:0,(anonymous_154)
FNDA:0,(anonymous_155)
FNDA:0,(anonymous_156)
FNDA:0,(anonymous_157)
FNDA:0,(anonymous_158)
FNDA:0,(anonymous_159)
FNDA:1,(anonymous_160)
FNDA:0,getText
FNDA:0,(anonymous_162)
FNDA:0,(anonymous_163)
FNDA:0,(anonymous_164)
FNDA:15,(anonymous_165)
FNDA:1,(anonymous_166)
FNDA:27,createEventHandler
FNDA:2,(anonymous_168)
FNDA:0,(anonymous_169)
FNDA:0,(anonymous_170)
FNDA:0,(anonymous_171)
FNDA:0,(anonymous_172)
FNDA:2,(anonymous_173)
FNDA:27,onFn
FNDA:27,(anonymous_175)
FNDA:0,(anonymous_176)
FNDA:0,(anonymous_177)
FNDA:0,(anonymous_178)
FNDA:0,(anonymous_179)
FNDA:0,onFn
FNDA:0,(anonymous_181)
FNDA:0,(anonymous_182)
FNDA:0,(anonymous_183)
FNDA:0,(anonymous_184)
FNDA:0,(anonymous_185)
FNDA:22,(anonymous_186)
FNDA:22,(anonymous_187)
FNDA:1,(anonymous_188)
FNDA:1,(anonymous_189)
FNDA:0,(anonymous_190)
FNDA:0,(anonymous_191)
FNDA:0,(anonymous_192)
FNDA:0,(anonymous_193)
FNDA:0,(anonymous_194)
FNDA:0,(anonymous_195)
FNDA:0,(anonymous_196)
FNDA:0,(anonymous_197)
FNDA:1,(anonymous_198)
FNDA:0,(anonymous_199)
FNDA:0,(anonymous_200)
FNDA:21,(anonymous_201)
FNDA:98,(anonymous_202)
FNDA:2685,hashKey
FNDA:19,HashMap
FNDA:0,(anonymous_205)
FNDA:1181,(anonymous_206)
FNDA:1504,(anonymous_207)
FNDA:0,(anonymous_208)
FNDA:2179,annotate
FNDA:70,(anonymous_210)
FNDA:70,(anonymous_211)
FNDA:19,createInjector
FNDA:0,(anonymous_213)
FNDA:587,(anonymous_214)
FNDA:513,(anonymous_215)
FNDA:95,supportObject
FNDA:3616,(anonymous_217)
FNDA:3977,provider
FNDA:3141,factory
FNDA:82,service
FNDA:9,(anonymous_221)
FNDA:19,value
FNDA:190,constant
FNDA:57,decorator
FNDA:25,(anonymous_225)
FNDA:1200,loadModules
FNDA:1504,(anonymous_227)
FNDA:38,createInternalInjector
FNDA:6057,getService
FNDA:2179,invoke
FNDA:856,instantiate
FNDA:856,(anonymous_232)
FNDA:7,(anonymous_233)
FNDA:19,$AnchorScrollProvider
FNDA:0,(anonymous_235)
FNDA:0,(anonymous_236)
FNDA:0,getFirstAnchor
FNDA:0,(anonymous_238)
FNDA:0,scroll
FNDA:0,autoScrollWatch
FNDA:0,autoScrollWatchAction
FNDA:19,(anonymous_242)
FNDA:0,(anonymous_243)
FNDA:0,(anonymous_244)
FNDA:7,(anonymous_245)
FNDA:0,async
FNDA:0,(anonymous_247)
FNDA:0,(anonymous_248)
FNDA:0,(anonymous_249)
FNDA:0,(anonymous_250)
FNDA:0,(anonymous_251)
FNDA:0,(anonymous_252)
FNDA:0,(anonymous_253)
FNDA:0,(anonymous_254)
FNDA:0,(anonymous_255)
FNDA:19,$$AsyncCallbackProvider
FNDA:7,(anonymous_257)
FNDA:0,(anonymous_258)
FNDA:0,(anonymous_259)
FNDA:0,Browser
FNDA:0,(anonymous_261)
FNDA:0,completeOutstandingRequest
FNDA:0,(anonymous_263)
FNDA:0,(anonymous_264)
FNDA:0,(anonymous_265)
FNDA:0,startPoller
FNDA:0,check
FNDA:0,(anonymous_268)
FNDA:0,(anonymous_269)
FNDA:0,fireUrlChange
FNDA:0,(anonymous_271)
FNDA:0,(anonymous_272)
FNDA:0,(anonymous_273)
FNDA:0,(anonymous_274)
FNDA:0,(anonymous_275)
FNDA:0,(anonymous_276)
FNDA:0,(anonymous_277)
FNDA:19,$BrowserProvider
FNDA:0,(anonymous_279)
FNDA:19,$CacheFactoryProvider
FNDA:19,(anonymous_281)
FNDA:38,cacheFactory
FNDA:494,(anonymous_283)
FNDA:0,(anonymous_284)
FNDA:0,(anonymous_285)
FNDA:0,(anonymous_286)
FNDA:0,(anonymous_287)
FNDA:0,(anonymous_288)
FNDA:0,refresh
FNDA:0,link
FNDA:0,(anonymous_291)
FNDA:0,(anonymous_292)
FNDA:0,(anonymous_293)
FNDA:19,$TemplateCacheProvider
FNDA:19,(anonymous_295)
FNDA:19,$CompileProvider
FNDA:2337,registerDirective
FNDA:2,(anonymous_298)
FNDA:2,(anonymous_299)
FNDA:0,(anonymous_300)
FNDA:0,(anonymous_301)
FNDA:7,(anonymous_302)
FNDA:2,(anonymous_303)
FNDA:0,(anonymous_304)
FNDA:0,(anonymous_305)
FNDA:0,(anonymous_306)
FNDA:0,(anonymous_307)
FNDA:0,(anonymous_308)
FNDA:0,(anonymous_309)
FNDA:0,(anonymous_310)
FNDA:0,denormalizeTemplate
FNDA:1,compile
FNDA:1,(anonymous_313)
FNDA:1,publicLinkFn
FNDA:0,(anonymous_315)
FNDA:1,safeAddClass
FNDA:2,compileNodes
FNDA:1,compositeLinkFn
FNDA:0,createBoundTranscludeFn
FNDA:0,(anonymous_320)
FNDA:0,(anonymous_321)
FNDA:2,collectDirectives
FNDA:0,groupScan
FNDA:0,groupElementsLinkFnWrapper
FNDA:0,(anonymous_325)
FNDA:1,applyDirectivesToNode
FNDA:1,addLinkFns
FNDA:0,getControllers
FNDA:0,(anonymous_329)
FNDA:1,nodeLinkFn
FNDA:0,(anonymous_331)
FNDA:0,(anonymous_332)
FNDA:0,(anonymous_333)
FNDA:0,(anonymous_334)
FNDA:0,parentValueWatch
FNDA:0,(anonymous_336)
FNDA:0,(anonymous_337)
FNDA:0,controllersBoundTransclude
FNDA:0,markDirectivesAsIsolate
FNDA:5,addDirective
FNDA:0,mergeTemplateAttributes
FNDA:0,(anonymous_342)
FNDA:0,(anonymous_343)
FNDA:0,compileTemplateUrl
FNDA:0,(anonymous_345)
FNDA:0,(anonymous_346)
FNDA:0,(anonymous_347)
FNDA:0,delayedNodeLinkFn
FNDA:0,byPriority
FNDA:0,assertNoDuplicate
FNDA:0,addTextInterpolateDirective
FNDA:0,textInterpolateCompileFn
FNDA:0,textInterpolateLinkFn
FNDA:0,interpolateFnWatchAction
FNDA:0,getTrustedContext
FNDA:3,addAttrInterpolateDirective
FNDA:0,(anonymous_357)
FNDA:0,attrInterpolatePreLinkFn
FNDA:0,interpolateFnWatchAction
FNDA:0,replaceWith
FNDA:0,cloneAndAnnotateFn
FNDA:0,(anonymous_362)
FNDA:35,directiveNormalize
FNDA:0,nodesetLinkingFn
FNDA:0,directiveLinkingFn
FNDA:0,tokenDifference
FNDA:19,$ControllerProvider
FNDA:722,(anonymous_368)
FNDA:15,(anonymous_369)
FNDA:11,(anonymous_370)
FNDA:19,$DocumentProvider
FNDA:19,(anonymous_372)
FNDA:19,$ExceptionHandlerProvider
FNDA:0,(anonymous_374)
FNDA:0,(anonymous_375)
FNDA:0,parseHeaders
FNDA:0,(anonymous_377)
FNDA:12,headersGetter
FNDA:0,(anonymous_379)
FNDA:12,transformData
FNDA:12,(anonymous_381)
FNDA:12,isSuccess
FNDA:19,$HttpProvider
FNDA:6,(anonymous_384)
FNDA:6,(anonymous_385)
FNDA:19,(anonymous_386)
FNDA:19,(anonymous_387)
FNDA:0,(anonymous_388)
FNDA:0,(anonymous_389)
FNDA:0,(anonymous_390)
FNDA:11,$http
FNDA:6,(anonymous_392)
FNDA:4,(anonymous_393)
FNDA:11,(anonymous_394)
FNDA:9,(anonymous_395)
FNDA:4,(anonymous_396)
FNDA:0,(anonymous_397)
FNDA:0,(anonymous_398)
FNDA:6,transformResponse
FNDA:11,mergeHeaders
FNDA:11,execHeaders
FNDA:13,(anonymous_402)
FNDA:19,createShortMethods
FNDA:76,(anonymous_404)
FNDA:9,(anonymous_405)
FNDA:19,createShortMethodsWithData
FNDA:38,(anonymous_407)
FNDA:2,(anonymous_408)
FNDA:6,sendReq
FNDA:6,done
FNDA:6,resolvePromise
FNDA:6,removePendingReq
FNDA:6,buildUrl
FNDA:0,(anonymous_414)
FNDA:0,(anonymous_415)
FNDA:0,createXhr
FNDA:19,$HttpBackendProvider
FNDA:0,(anonymous_418)
FNDA:0,createHttpBackend
FNDA:0,(anonymous_420)
FNDA:0,(anonymous_421)
FNDA:0,(anonymous_422)
FNDA:0,(anonymous_423)
FNDA:0,(anonymous_424)
FNDA:0,timeoutRequest
FNDA:0,completeRequest
FNDA:0,jsonpReq
FNDA:0,(anonymous_428)
FNDA:0,(anonymous_429)
FNDA:19,$InterpolateProvider
FNDA:0,(anonymous_431)
FNDA:0,(anonymous_432)
FNDA:7,(anonymous_433)
FNDA:3,$interpolate
FNDA:0,(anonymous_435)
FNDA:7,(anonymous_436)
FNDA:7,(anonymous_437)
FNDA:19,$IntervalProvider
FNDA:0,(anonymous_439)
FNDA:0,interval
FNDA:0,tick
FNDA:0,(anonymous_442)
FNDA:19,$LocaleProvider
FNDA:0,(anonymous_444)
FNDA:0,(anonymous_445)
FNDA:19,encodePath
FNDA:19,parseAbsoluteUrl
FNDA:19,parseAppUrl
FNDA:57,beginsWith
FNDA:19,stripHash
FNDA:19,stripFile
FNDA:19,serverBase
FNDA:19,LocationHtml5Url
FNDA:19,(anonymous_454)
FNDA:19,(anonymous_455)
FNDA:19,(anonymous_456)
FNDA:0,LocationHashbangUrl
FNDA:0,(anonymous_458)
FNDA:0,removeWindowsDriveName
FNDA:0,(anonymous_460)
FNDA:0,(anonymous_461)
FNDA:0,LocationHashbangInHtml5Url
FNDA:0,(anonymous_463)
FNDA:0,(anonymous_464)
FNDA:3,(anonymous_465)
FNDA:0,(anonymous_466)
FNDA:0,(anonymous_467)
FNDA:0,(anonymous_468)
FNDA:0,(anonymous_469)
FNDA:4,locationGetter
FNDA:45,(anonymous_471)
FNDA:2,locationGetterSetter
FNDA:0,(anonymous_473)
FNDA:19,$LocationProvider
FNDA:0,(anonymous_475)
FNDA:19,(anonymous_476)
FNDA:19,(anonymous_477)
FNDA:0,(anonymous_478)
FNDA:0,(anonymous_479)
FNDA:0,(anonymous_480)
FNDA:18,$locationWatch
FNDA:4,(anonymous_482)
FNDA:4,afterLocationChange
FNDA:19,$LogProvider
FNDA:0,(anonymous_485)
FNDA:0,(anonymous_486)
FNDA:0,(anonymous_487)
FNDA:0,(anonymous_488)
FNDA:0,formatError
FNDA:0,consoleLog
FNDA:0,(anonymous_491)
FNDA:0,(anonymous_492)
FNDA:0,(anonymous_493)
FNDA:0,ensureSafeMemberName
FNDA:0,ensureSafeObject
FNDA:0,ensureSafeFunction
FNDA:0,(anonymous_497)
FNDA:0,(anonymous_498)
FNDA:0,(anonymous_499)
FNDA:0,(anonymous_500)
FNDA:0,(anonymous_501)
FNDA:0,(anonymous_502)
FNDA:0,(anonymous_503)
FNDA:0,(anonymous_504)
FNDA:0,(anonymous_505)
FNDA:0,(anonymous_506)
FNDA:0,(anonymous_507)
FNDA:0,(anonymous_508)
FNDA:0,(anonymous_509)
FNDA:0,(anonymous_510)
FNDA:0,(anonymous_511)
FNDA:0,(anonymous_512)
FNDA:0,(anonymous_513)
FNDA:0,(anonymous_514)
FNDA:0,(anonymous_515)
FNDA:0,(anonymous_516)
FNDA:0,(anonymous_517)
FNDA:0,(anonymous_518)
FNDA:0,(anonymous_519)
FNDA:0,(anonymous_520)
FNDA:0,(anonymous_521)
FNDA:0,(anonymous_522)
FNDA:0,(anonymous_523)
FNDA:0,(anonymous_524)
FNDA:0,(anonymous_525)
FNDA:0,(anonymous_526)
FNDA:0,(anonymous_527)
FNDA:0,(anonymous_528)
FNDA:0,(anonymous_529)
FNDA:0,(anonymous_530)
FNDA:0,(anonymous_531)
FNDA:0,(anonymous_532)
FNDA:0,(anonymous_533)
FNDA:0,(anonymous_534)
FNDA:0,(anonymous_535)
FNDA:0,(anonymous_536)
FNDA:0,(anonymous_537)
FNDA:0,(anonymous_538)
FNDA:0,(anonymous_539)
FNDA:0,(anonymous_540)
FNDA:0,(anonymous_541)
FNDA:0,(anonymous_542)
FNDA:0,(anonymous_543)
FNDA:0,(anonymous_544)
FNDA:0,(anonymous_545)
FNDA:0,(anonymous_546)
FNDA:0,(anonymous_547)
FNDA:0,(anonymous_548)
FNDA:0,(anonymous_549)
FNDA:0,(anonymous_550)
FNDA:0,(anonymous_551)
FNDA:0,(anonymous_552)
FNDA:0,(anonymous_553)
FNDA:0,(anonymous_554)
FNDA:0,(anonymous_555)
FNDA:0,(anonymous_556)
FNDA:0,(anonymous_557)
FNDA:0,(anonymous_558)
FNDA:0,(anonymous_559)
FNDA:0,(anonymous_560)
FNDA:0,(anonymous_561)
FNDA:0,(anonymous_562)
FNDA:0,(anonymous_563)
FNDA:0,(anonymous_564)
FNDA:0,(anonymous_565)
FNDA:0,(anonymous_566)
FNDA:0,(anonymous_567)
FNDA:0,(anonymous_568)
FNDA:0,(anonymous_569)
FNDA:0,(anonymous_570)
FNDA:0,(anonymous_571)
FNDA:0,(anonymous_572)
FNDA:0,(anonymous_573)
FNDA:0,(anonymous_574)
FNDA:0,(anonymous_575)
FNDA:0,(anonymous_576)
FNDA:0,(anonymous_577)
FNDA:0,(anonymous_578)
FNDA:0,(anonymous_579)
FNDA:0,(anonymous_580)
FNDA:0,setter
FNDA:0,(anonymous_582)
FNDA:0,(anonymous_583)
FNDA:0,cspSafeGetterFn
FNDA:0,cspSafeGetter
FNDA:0,cspSafePromiseEnabledGetter
FNDA:0,(anonymous_587)
FNDA:0,(anonymous_588)
FNDA:0,(anonymous_589)
FNDA:0,(anonymous_590)
FNDA:0,(anonymous_591)
FNDA:0,getterFn
FNDA:0,(anonymous_593)
FNDA:0,(anonymous_594)
FNDA:0,(anonymous_595)
FNDA:19,$ParseProvider
FNDA:0,(anonymous_597)
FNDA:0,(anonymous_598)
FNDA:19,(anonymous_599)
FNDA:0,promiseWarningFn
FNDA:180,(anonymous_601)
FNDA:19,$QProvider
FNDA:19,(anonymous_603)
FNDA:97,(anonymous_604)
FNDA:19,qFactory
FNDA:156,(anonymous_606)
FNDA:119,(anonymous_607)
FNDA:34,(anonymous_608)
FNDA:12,(anonymous_609)
FNDA:0,(anonymous_610)
FNDA:0,(anonymous_611)
FNDA:72,(anonymous_612)
FNDA:46,(anonymous_613)
FNDA:0,(anonymous_614)
FNDA:0,(anonymous_615)
FNDA:3,(anonymous_616)
FNDA:0,(anonymous_617)
FNDA:0,makePromise
FNDA:0,handleCallback
FNDA:0,(anonymous_620)
FNDA:0,(anonymous_621)
FNDA:0,(anonymous_622)
FNDA:0,(anonymous_623)
FNDA:131,(anonymous_624)
FNDA:49,(anonymous_625)
FNDA:46,(anonymous_626)
FNDA:12,(anonymous_627)
FNDA:12,(anonymous_628)
FNDA:0,(anonymous_629)
FNDA:0,(anonymous_630)
FNDA:14,(anonymous_631)
FNDA:6,(anonymous_632)
FNDA:0,(anonymous_633)
FNDA:0,(anonymous_634)
FNDA:6,(anonymous_635)
FNDA:6,(anonymous_636)
FNDA:0,(anonymous_637)
FNDA:0,(anonymous_638)
FNDA:12,defaultCallback
FNDA:0,defaultErrback
FNDA:0,all
FNDA:0,(anonymous_642)
FNDA:0,(anonymous_643)
FNDA:0,(anonymous_644)
FNDA:19,$$RAFProvider
FNDA:7,(anonymous_646)
FNDA:0,(anonymous_647)
FNDA:0,(anonymous_648)
FNDA:0,(anonymous_649)
FNDA:0,(anonymous_650)
FNDA:19,$RootScopeProvider
FNDA:0,(anonymous_652)
FNDA:19,(anonymous_653)
FNDA:19,Scope
FNDA:12,(anonymous_655)
FNDA:12,(anonymous_656)
FNDA:45,(anonymous_657)
FNDA:9,(anonymous_658)
FNDA:0,(anonymous_659)
FNDA:0,deregisterWatch
FNDA:0,(anonymous_661)
FNDA:0,$watchCollectionWatch
FNDA:0,$watchCollectionAction
FNDA:15,(anonymous_664)
FNDA:0,(anonymous_665)
FNDA:0,(anonymous_666)
FNDA:96,(anonymous_667)
FNDA:101,(anonymous_668)
FNDA:0,(anonymous_669)
FNDA:0,(anonymous_670)
FNDA:6,(anonymous_671)
FNDA:26,(anonymous_672)
FNDA:0,(anonymous_673)
FNDA:0,(anonymous_674)
FNDA:0,(anonymous_675)
FNDA:0,(anonymous_676)
FNDA:8,(anonymous_677)
FNDA:0,(anonymous_678)
FNDA:21,beginPhase
FNDA:21,clearPhase
FNDA:84,compileToFn
FNDA:0,decrementListenerCount
FNDA:0,initWatchVal
FNDA:19,$$SanitizeUriProvider
FNDA:0,(anonymous_685)
FNDA:0,(anonymous_686)
FNDA:7,(anonymous_687)
FNDA:0,sanitizeUri
FNDA:0,escapeForRegexp
FNDA:0,adjustMatcher
FNDA:0,adjustMatchers
FNDA:0,(anonymous_692)
FNDA:19,$SceDelegateProvider
FNDA:0,(anonymous_694)
FNDA:0,(anonymous_695)
FNDA:7,(anonymous_696)
FNDA:0,htmlSanitizer
FNDA:0,matchUrl
FNDA:0,isResourceUrlAllowedByPolicy
FNDA:42,generateHolderType
FNDA:35,TrustedValueHolderType
FNDA:0,(anonymous_702)
FNDA:0,sceValueOf
FNDA:0,sceToString
FNDA:0,trustAs
FNDA:0,valueOf
FNDA:0,getTrusted
FNDA:19,$SceProvider
FNDA:0,(anonymous_709)
FNDA:7,(anonymous_710)
FNDA:0,(anonymous_711)
FNDA:0,(anonymous_712)
FNDA:0,sceParseAs
FNDA:0,sceParseAsTrusted
FNDA:35,(anonymous_715)
FNDA:0,(anonymous_716)
FNDA:0,(anonymous_717)
FNDA:0,(anonymous_718)
FNDA:19,$SnifferProvider
FNDA:19,(anonymous_720)
FNDA:0,(anonymous_721)
FNDA:19,$TimeoutProvider
FNDA:11,(anonymous_723)
FNDA:0,timeout
FNDA:0,(anonymous_725)
FNDA:0,(anonymous_726)
FNDA:45,urlResolve
FNDA:6,urlIsSameOrigin
FNDA:19,$WindowProvider
FNDA:19,$FilterProvider
FNDA:323,register
FNDA:0,(anonymous_732)
FNDA:19,(anonymous_733)
FNDA:1,(anonymous_734)
FNDA:0,filterFilter
FNDA:0,(anonymous_736)
FNDA:0,(anonymous_737)
FNDA:0,(anonymous_738)
FNDA:0,(anonymous_739)
FNDA:0,(anonymous_740)
FNDA:0,(anonymous_741)
FNDA:0,(anonymous_742)
FNDA:0,currencyFilter
FNDA:0,(anonymous_744)
FNDA:0,numberFilter
FNDA:0,(anonymous_746)
FNDA:0,formatNumber
FNDA:0,padNumber
FNDA:16,dateGetter
FNDA:0,(anonymous_750)
FNDA:4,dateStrGetter
FNDA:0,(anonymous_752)
FNDA:0,timeZoneGetter
FNDA:0,ampmGetter
FNDA:0,dateFilter
FNDA:0,jsonStringToDate
FNDA:0,(anonymous_757)
FNDA:0,(anonymous_758)
FNDA:0,jsonFilter
FNDA:0,(anonymous_760)
FNDA:0,limitToFilter
FNDA:0,(anonymous_762)
FNDA:0,orderByFilter
FNDA:0,(anonymous_764)
FNDA:0,(anonymous_765)
FNDA:0,(anonymous_766)
FNDA:0,(anonymous_767)
FNDA:0,comparator
FNDA:0,reverseComparator
FNDA:0,(anonymous_770)
FNDA:0,compare
FNDA:8,ngDirective
FNDA:0,(anonymous_773)
FNDA:0,(anonymous_774)
FNDA:0,(anonymous_775)
FNDA:7,(anonymous_776)
FNDA:0,(anonymous_777)
FNDA:0,(anonymous_778)
FNDA:0,ngBooleanAttrWatchAction
FNDA:3,(anonymous_780)
FNDA:0,(anonymous_781)
FNDA:0,(anonymous_782)
FNDA:0,(anonymous_783)
FNDA:0,FormController
FNDA:0,toggleValidCss
FNDA:0,(anonymous_786)
FNDA:0,(anonymous_787)
FNDA:0,(anonymous_788)
FNDA:0,(anonymous_789)
FNDA:0,(anonymous_790)
FNDA:0,(anonymous_791)
FNDA:0,(anonymous_792)
FNDA:2,(anonymous_793)
FNDA:0,(anonymous_794)
FNDA:0,(anonymous_795)
FNDA:0,(anonymous_796)
FNDA:0,(anonymous_797)
FNDA:0,(anonymous_798)
FNDA:0,(anonymous_799)
FNDA:0,(anonymous_800)
FNDA:0,validate
FNDA:0,testFlags
FNDA:0,addNativeHtml5Validators
FNDA:0,(anonymous_804)
FNDA:0,textInputType
FNDA:0,(anonymous_806)
FNDA:0,(anonymous_807)
FNDA:0,(anonymous_808)
FNDA:0,(anonymous_809)
FNDA:0,(anonymous_810)
FNDA:0,(anonymous_811)
FNDA:0,(anonymous_812)
FNDA:0,(anonymous_813)
FNDA:0,(anonymous_814)
FNDA:0,(anonymous_815)
FNDA:0,(anonymous_816)
FNDA:0,(anonymous_817)
FNDA:0,(anonymous_818)
FNDA:0,numberInputType
FNDA:0,(anonymous_820)
FNDA:0,(anonymous_821)
FNDA:0,(anonymous_822)
FNDA:0,(anonymous_823)
FNDA:0,(anonymous_824)
FNDA:0,urlInputType
FNDA:0,(anonymous_826)
FNDA:0,emailInputType
FNDA:0,(anonymous_828)
FNDA:0,radioInputType
FNDA:0,(anonymous_830)
FNDA:0,(anonymous_831)
FNDA:0,(anonymous_832)
FNDA:0,checkboxInputType
FNDA:0,(anonymous_834)
FNDA:0,(anonymous_835)
FNDA:0,(anonymous_836)
FNDA:0,(anonymous_837)
FNDA:0,(anonymous_838)
FNDA:0,(anonymous_839)
FNDA:0,(anonymous_840)
FNDA:0,(anonymous_841)
FNDA:0,(anonymous_842)
FNDA:0,(anonymous_843)
FNDA:0,toggleValidCss
FNDA:0,(anonymous_845)
FNDA:0,(anonymous_846)
FNDA:0,(anonymous_847)
FNDA:0,(anonymous_848)
FNDA:0,(anonymous_849)
FNDA:0,ngModelWatch
FNDA:0,(anonymous_851)
FNDA:0,(anonymous_852)
FNDA:0,(anonymous_853)
FNDA:0,(anonymous_854)
FNDA:0,(anonymous_855)
FNDA:0,(anonymous_856)
FNDA:0,(anonymous_857)
FNDA:0,(anonymous_858)
FNDA:0,(anonymous_859)
FNDA:0,(anonymous_860)
FNDA:0,(anonymous_861)
FNDA:0,(anonymous_862)
FNDA:0,(anonymous_863)
FNDA:0,(anonymous_864)
FNDA:0,(anonymous_865)
FNDA:0,(anonymous_866)
FNDA:0,(anonymous_867)
FNDA:0,ngValueConstantLink
FNDA:0,ngValueLink
FNDA:0,valueWatchAction
FNDA:0,(anonymous_871)
FNDA:0,(anonymous_872)
FNDA:0,ngBindWatchAction
FNDA:0,(anonymous_874)
FNDA:0,(anonymous_875)
FNDA:0,(anonymous_876)
FNDA:0,(anonymous_877)
FNDA:0,(anonymous_878)
FNDA:0,getStringValue
FNDA:0,ngBindHtmlWatchAction
FNDA:3,classDirective
FNDA:0,(anonymous_882)
FNDA:0,(anonymous_883)
FNDA:0,(anonymous_884)
FNDA:0,(anonymous_885)
FNDA:0,addClasses
FNDA:0,removeClasses
FNDA:0,digestClassCounts
FNDA:0,(anonymous_889)
FNDA:0,updateClasses
FNDA:0,ngClassWatchAction
FNDA:0,arrayDifference
FNDA:0,arrayClasses
FNDA:0,(anonymous_894)
FNDA:0,(anonymous_895)
FNDA:0,(anonymous_896)
FNDA:18,(anonymous_897)
FNDA:0,(anonymous_898)
FNDA:0,(anonymous_899)
FNDA:0,ngEventHandler
FNDA:0,(anonymous_901)
FNDA:0,(anonymous_902)
FNDA:0,(anonymous_903)
FNDA:0,(anonymous_904)
FNDA:0,ngIfWatchAction
FNDA:0,(anonymous_906)
FNDA:0,(anonymous_907)
FNDA:0,(anonymous_908)
FNDA:0,(anonymous_909)
FNDA:0,(anonymous_910)
FNDA:0,(anonymous_911)
FNDA:0,(anonymous_912)
FNDA:0,ngIncludeWatchAction
FNDA:0,(anonymous_914)
FNDA:0,(anonymous_915)
FNDA:0,(anonymous_916)
FNDA:0,(anonymous_917)
FNDA:0,(anonymous_918)
FNDA:0,(anonymous_919)
FNDA:0,(anonymous_920)
FNDA:0,(anonymous_921)
FNDA:0,(anonymous_922)
FNDA:0,(anonymous_923)
FNDA:0,(anonymous_924)
FNDA:0,(anonymous_925)
FNDA:0,ngPluralizeWatch
FNDA:0,ngPluralizeWatchAction
FNDA:0,(anonymous_928)
FNDA:0,(anonymous_929)
FNDA:0,(anonymous_930)
FNDA:0,(anonymous_931)
FNDA:0,(anonymous_932)
FNDA:0,ngRepeatAction
FNDA:0,(anonymous_934)
FNDA:0,(anonymous_935)
FNDA:0,(anonymous_936)
FNDA:0,getBlockStart
FNDA:0,getBlockEnd
FNDA:0,(anonymous_939)
FNDA:0,(anonymous_940)
FNDA:0,ngShowWatchAction
FNDA:0,(anonymous_942)
FNDA:0,(anonymous_943)
FNDA:0,ngHideWatchAction
FNDA:0,(anonymous_945)
FNDA:0,ngStyleWatchAction
FNDA:0,(anonymous_947)
FNDA:0,(anonymous_948)
FNDA:0,ngSwitchController
FNDA:0,(anonymous_950)
FNDA:0,ngSwitchWatchAction
FNDA:0,(anonymous_952)
FNDA:0,(anonymous_953)
FNDA:0,(anonymous_954)
FNDA:0,(anonymous_955)
FNDA:0,(anonymous_956)
FNDA:0,(anonymous_957)
FNDA:0,(anonymous_958)
FNDA:0,(anonymous_959)
FNDA:0,(anonymous_960)
FNDA:0,(anonymous_961)
FNDA:0,(anonymous_962)
FNDA:0,(anonymous_963)
FNDA:0,(anonymous_964)
FNDA:0,(anonymous_965)
FNDA:0,(anonymous_966)
FNDA:0,(anonymous_967)
FNDA:0,(anonymous_968)
FNDA:0,(anonymous_969)
FNDA:0,(anonymous_970)
FNDA:0,setupAsSingle
FNDA:0,(anonymous_972)
FNDA:0,(anonymous_973)
FNDA:0,(anonymous_974)
FNDA:0,setupAsMultiple
FNDA:0,(anonymous_976)
FNDA:0,(anonymous_977)
FNDA:0,selectMultipleWatch
FNDA:0,(anonymous_979)
FNDA:0,(anonymous_980)
FNDA:0,(anonymous_981)
FNDA:0,setupAsOptions
FNDA:0,(anonymous_983)
FNDA:0,(anonymous_984)
FNDA:0,render
FNDA:0,(anonymous_986)
FNDA:0,(anonymous_987)
FNDA:0,(anonymous_988)
FNDA:0,interpolateWatchAction
FNDA:0,(anonymous_990)
FNDA:1,(anonymous_991)
DA:6,1
DA:36,1
DA:37,33
DA:38,1
DA:43,1
DA:44,0
DA:45,1
DA:46,0
DA:47,1
DA:48,0
DA:50,1
DA:54,1
DA:55,1
DA:57,1
DA:58,1
DA:59,1
DA:60,0
DA:61,1
DA:62,0
DA:63,1
DA:64,0
DA:66,1
DA:68,0
DA:71,1
DA:73,1
DA:74,1
DA:78,1
DA:187,1
DA:199,93
DA:200,1
DA:212,18
DA:215,1
DA:217,0
DA:218,0
DA:221,1
DA:223,0
DA:224,0
DA:232,1
DA:233,0
DA:234,0
DA:238,1
DA:257,1
DA:258,1
DA:259,1
DA:269,1
DA:270,3506
DA:271,0
DA:274,3506
DA:276,3506
DA:277,0
DA:280,3506
DA:313,1
DA:314,5712
DA:315,5712
DA:316,5608
DA:317,12
DA:320,24
DA:321,0
DA:324,5596
DA:325,2090
DA:326,3506
DA:327,1338
DA:328,2771
DA:330,2168
DA:331,5172
DA:332,5172
DA:337,5712
DA:340,1
DA:341,0
DA:342,0
DA:343,0
DA:344,0
DA:347,0
DA:350,1
DA:351,0
DA:352,0
DA:353,0
DA:355,0
DA:364,1
DA:365,1843
DA:376,1
DA:377,31
DA:378,31
DA:380,31
DA:381,31
DA:382,31
DA:383,31
DA:384,1
DA:385,1
[...]
FNDA:3,(anonymous_6)
FNDA:1,(anonymous_7)
FNDA:1,(anonymous_8)
FNDA:1,(anonymous_9)
FNDA:1,(anonymous_10)
DA:1,1
DA:5,1
DA:6,1
DA:7,1
DA:13,1
DA:21,1
DA:22,1
DA:27,1
DA:31,0
DA:39,1
DA:40,3
DA:41,3
DA:42,3
DA:43,3
DA:44,3
DA:48,1
DA:49,1
DA:52,1
DA:53,1
DA:54,1
DA:57,1
DA:58,1
DA:59,1
DA:60,1
DA:61,1
DA:62,1
DA:63,1
LF:27
LH:26
BRF:0
BRH:0
end_of_record
TN:
SF:./client/app/document/documentViewer/documentViewer.controller.js
FN:7,(anonymous_1)
FNF:1
FNH:0
FNDA:0,(anonymous_1)
DA:7,1
DA:11,0
LF:2
LH:1
BRF:0
BRH:0
end_of_record
TN:
SF:./client/app/manage/manage.js
FN:7,(anonymous_1)
FN:18,(anonymous_2)
FN:33,(anonymous_3)
FNF:3
FNH:1
FNDA:19,(anonymous_1)
FNDA:0,(anonymous_2)
FNDA:0,(anonymous_3)
DA:6,1
DA:9,19
DA:19,0
DA:34,0
LF:4
LH:2
BRF:0
BRH:0
end_of_record
TN:
SF:./client/app/manage/projects/create/create.controller.js
FN:7,(anonymous_1)
FN:12,(anonymous_2)
FN:16,(anonymous_3)
FNF:3
FNH:0
FNDA:0,(anonymous_1)
FNDA:0,(anonymous_2)
FNDA:0,(anonymous_3)
DA:6,1
DA:10,0
DA:12,0
DA:13,0
DA:16,0
DA:17,0
LF:6
LH:1
BRF:0
BRH:0
end_of_record
TN:
SF:./client/app/manage/projects/edit/edit.controller.js
FN:7,(anonymous_1)
FN:12,(anonymous_2)
FN:16,(anonymous_3)
FNF:3
FNH:0
FNDA:0,(anonymous_1)
FNDA:0,(anonymous_2)
FNDA:0,(anonymous_3)
DA:6,1
DA:10,0
DA:12,0
DA:13,0
DA:16,0
DA:17,0
LF:6
LH:1
BRF:0
BRH:0
end_of_record
TN:
SF:./client/app/manage/projects/projects.controller.js
FN:7,(anonymous_1)
FNF:1
FNH:0
FNDA:0,(anonymous_1)
DA:6,1
DA:10,0
DA:11,0
DA:12,0
LF:4
LH:1
BRF:0
BRH:0
end_of_record
TN:
SF:./client/app/manage/projects/projects.controller.spec.js
FNF:0
FNH:0
LF:0
LH:0
BRF:0
BRH:0
end_of_record
TN:
SF:./client/app/manage/projects/users/add/add.controller.js
FN:7,(anonymous_1)
FN:12,(anonymous_2)
FN:16,(anonymous_3)
FNF:3
FNH:0
FNDA:0,(anonymous_1)
FNDA:0,(anonymous_2)
FNDA:0,(anonymous_3)
DA:6,1
DA:10,0
DA:12,0
DA:13,0
DA:16,0
DA:17,0
LF:6
LH:1
BRF:0
BRH:0
end_of_record
TN:
SF:./client/app/manage/teams/create/create.controller.js
FN:7,(anonymous_1)
FN:14,(anonymous_2)
FN:18,(anonymous_3)
FNF:3
FNH:0
FNDA:0,(anonymous_1)
FNDA:0,(anonymous_2)
FNDA:0,(anonymous_3)
DA:6,1
DA:10,0
DA:14,0
DA:15,0
DA:18,0
DA:19,0
LF:6
LH:1
BRF:0
BRH:0
end_of_record
TN:
SF:./client/app/manage/teams/edit/edit.controller.js
FN:7,(anonymous_1)
FN:14,(anonymous_2)
FN:18,(anonymous_3)
FNF:3
FNH:0
FNDA:0,(anonymous_1)
FNDA:0,(anonymous_2)
FNDA:0,(anonymous_3)
DA:6,1
DA:10,0
DA:14,0
DA:15,0
DA:18,0
DA:19,0
LF:6
LH:1
BRF:0
BRH:0
end_of_record
TN:
SF:./client/app/manage/teams/teams.controller.js
FN:7,(anonymous_1)
FN:18,(anonymous_2)
FNF:2
FNH:0
FNDA:0,(anonymous_1)
FNDA:0,(anonymous_2)
DA:6,1
DA:10,0
DA:12,0
DA:14,0
DA:18,0
DA:19,0
DA:20,0
LF:7
LH:1
BRF:0
BRH:0
end_of_record
TN:
SF:./client/app/manage/teams/teams.controller.spec.js
FNF:0
FNH:0
LF:0
LH:0
BRF:0
BRH:0
end_of_record
TN:
SF:./client/app/manage/teams/teams.provider.js
FN:6,(anonymous_1)
FN:9,(anonymous_2)
FNF:2
FNH:0
FNDA:0,(anonymous_1)
FNDA:0,(anonymous_2)
DA:6,1
DA:9,0
DA:10,0
DA:11,0
DA:12,0
DA:19,0
LF:6
LH:1
BRF:0
BRH:0
end_of_record
TN:
SF:./client/app/manage/teams/teams.service.js
FN:11,(anonymous_1)
FN:24,(anonymous_2)
FN:32,(anonymous_3)
FN:40,(anonymous_4)
FN:48,(anonymous_5)
FN:56,(anonymous_6)
FN:64,(anonymous_7)
FN:78,(anonymous_8)
FN:88,(anonymous_9)
FN:103,(anonymous_10)
FN:109,(anonymous_11)
FN:116,(anonymous_12)
FN:132,(anonymous_13)
FN:141,(anonymous_14)
FN:149,(anonymous_15)
FN:165,(anonymous_16)
FN:174,(anonymous_17)
FN:179,(anonymous_18)
FNF:18
FNH:0
FNDA:0,(anonymous_1)
FNDA:0,(anonymous_2)
FNDA:0,(anonymous_3)
FNDA:0,(anonymous_4)
FNDA:0,(anonymous_5)
FNDA:0,(anonymous_6)
FNDA:0,(anonymous_7)
FNDA:0,(anonymous_8)
FNDA:0,(anonymous_9)
FNDA:0,(anonymous_10)
FNDA:0,(anonymous_11)
FNDA:0,(anonymous_12)
FNDA:0,(anonymous_13)
FNDA:0,(anonymous_14)
FNDA:0,(anonymous_15)
FNDA:0,(anonymous_16)
FNDA:0,(anonymous_17)
FNDA:0,(anonymous_18)
DA:11,1
DA:14,0
DA:18,0
DA:25,0
DA:33,0
DA:41,0
DA:49,0
DA:58,0
DA:64,0
DA:65,0
DA:79,0
DA:89,0
DA:91,0
DA:95,0
DA:105,0
DA:110,0
DA:116,0
DA:117,0
DA:133,0
DA:142,0
DA:151,0
DA:155,0
DA:156,0
DA:166,0
DA:174,0
DA:175,0
DA:176,0
DA:177,0
DA:180,0
DA:181,0
DA:182,0
DA:186,0
LF:32
LH:1
BRDA:155,1,0,0
BRDA:155,1,1,0
BRDA:176,2,0,0
BRDA:176,2,1,0
BRDA:181,3,0,0
BRDA:181,3,1,0
BRDA:181,4,0,0
BRDA:181,4,1,0
BRF:8
BRH:0
end_of_record
TN:
SF:./client/app/navbar/navbar.controller.js
FN:7,(anonymous_1)
FN:12,(anonymous_2)
FN:16,(anonymous_3)
FN:24,(anonymous_4)
FN:29,(anonymous_5)
FNF:5
FNH:0
FNDA:0,(anonymous_1)
FNDA:0,(anonymous_2)
FNDA:0,(anonymous_3)
FNDA:0,(anonymous_4)
FNDA:0,(anonymous_5)
DA:6,1
DA:10,0
DA:12,0
DA:13,0
DA:16,0
DA:17,0
DA:20,0
DA:21,0
DA:22,0
DA:24,0
DA:25,0
DA:26,0
DA:29,0
DA:30,0
LF:14
LH:1
BRF:0
BRH:0
end_of_record
TN:
SF:./client/app/navpanel/navpanel.controller.js
FN:6,(anonymous_1)
FN:11,(anonymous_2)
FN:13,(anonymous_3)
FNF:3
FNH:0
FNDA:0,(anonymous_1)
FNDA:0,(anonymous_2)
FNDA:0,(anonymous_3)
DA:6,1
DA:9,0
DA:11,0
DA:12,0
DA:13,0
DA:14,0
LF:6
LH:1
BRDA:12,1,0,0
BRDA:12,1,1,0
BRF:2
BRH:0
end_of_record
TN:
SF:./client/app/project/idea/create/create.controller.js
FN:7,(anonymous_1)
FN:12,(anonymous_2)
FN:16,(anonymous_3)
FNF:3
FNH:0
FNDA:0,(anonymous_1)
FNDA:0,(anonymous_2)
FNDA:0,(anonymous_3)
DA:6,1
DA:10,0
DA:12,0
DA:13,0
DA:16,0
DA:17,0
LF:6
LH:1
BRF:0
BRH:0
end_of_record
TN:
SF:./client/app/project/idea/idea.service.js
FN:6,(anonymous_1)
FN:10,(anonymous_2)
FN:32,(anonymous_3)
FN:41,(anonymous_4)
FN:51,(anonymous_5)
FN:60,(anonymous_6)
FN:69,(anonymous_7)
FNF:7
FNH:0
FNDA:0,(anonymous_1)
FNDA:0,(anonymous_2)
FNDA:0,(anonymous_3)
FNDA:0,(anonymous_4)
FNDA:0,(anonymous_5)
FNDA:0,(anonymous_6)
FNDA:0,(anonymous_7)
DA:6,1
DA:10,0
DA:13,0
DA:16,0
DA:19,0
DA:35,0
DA:41,0
DA:42,0
DA:52,0
DA:61,0
DA:70,0
DA:74,0
LF:12
LH:1
BRF:0
BRH:0
end_of_record
TN:
SF:./client/app/project/project.js
FN:6,(anonymous_1)
FN:14,(anonymous_2)
FN:17,(anonymous_3)
FNF:3
FNH:1
FNDA:19,(anonymous_1)
FNDA:0,(anonymous_2)
FNDA:0,(anonymous_3)
DA:5,1
DA:9,19
DA:15,0
DA:18,0
LF:4
LH:2
BRF:0
BRH:0
end_of_record
TN:
SF:./client/app/project/project/overview.controller.js
FN:7,(anonymous_1)
FNF:1
FNH:0
FNDA:0,(anonymous_1)
DA:6,1
DA:11,0
LF:2
LH:1
BRF:0
BRH:0
end_of_record
TN:
SF:./client/app/project/project/project.controller.js
FN:7,(anonymous_1)
FNF:1
FNH:0
FNDA:0,(anonymous_1)
DA:6,1
DA:11,0
DA:14,0
DA:16,0
LF:4
LH:1
BRF:0
BRH:0
end_of_record
TN:
SF:./client/app/project/project/projects.provider.js
FN:6,(anonymous_1)
FN:10,(anonymous_2)
FNF:2
FNH:0
FNDA:0,(anonymous_1)
FNDA:0,(anonymous_2)
DA:6,1
DA:10,0
DA:11,0
DA:12,0
DA:15,0
DA:22,0
LF:6
LH:1
BRF:0
BRH:0
end_of_record
TN:
SF:./client/app/project/project/projects.service.js
FN:6,(anonymous_1)
FN:20,(anonymous_2)
FN:32,(anonymous_3)
FN:44,(anonymous_4)
FN:55,(anonymous_5)
FN:63,(anonymous_6)
FN:71,(anonymous_7)
FN:85,(anonymous_8)
FN:95,(anonymous_9)
FN:110,(anonymous_10)
FN:116,(anonymous_11)
FN:123,(anonymous_12)
FN:139,(anonymous_13)
FN:147,(anonymous_14)
FN:157,(anonymous_15)
FN:168,(anonymous_16)
FN:179,(anonymous_17)
FN:190,(anonymous_18)
FN:198,(anonymous_19)
FN:201,(anonymous_20)
FNF:20
FNH:0
FNDA:0,(anonymous_1)
FNDA:0,(anonymous_2)
FNDA:0,(anonymous_3)
FNDA:0,(anonymous_4)
FNDA:0,(anonymous_5)
FNDA:0,(anonymous_6)
FNDA:0,(anonymous_7)
FNDA:0,(anonymous_8)
FNDA:0,(anonymous_9)
FNDA:0,(anonymous_10)
FNDA:0,(anonymous_11)
FNDA:0,(anonymous_12)
FNDA:0,(anonymous_13)
FNDA:0,(anonymous_14)
FNDA:0,(anonymous_15)
FNDA:0,(anonymous_16)
FNDA:0,(anonymous_17)
FNDA:0,(anonymous_18)
FNDA:0,(anonymous_19)
FNDA:0,(anonymous_20)
DA:6,1
DA:9,0
DA:21,0
DA:22,0
DA:24,0
DA:33,0
DA:34,0
DA:36,0
DA:45,0
DA:46,0
DA:47,0
DA:56,0
DA:65,0
DA:71,0
DA:72,0
DA:86,0
DA:96,0
DA:98,0
DA:102,0
DA:112,0
DA:117,0
DA:123,0
DA:124,0
DA:141,0
DA:147,0
DA:148,0
DA:158,0
DA:159,0
DA:169,0
DA:180,0
DA:191,0
DA:198,0
DA:199,0
DA:200,0
DA:202,0
DA:205,0
DA:208,0
LF:37
LH:1
BRDA:21,1,0,0
BRDA:21,1,1,0
BRDA:33,2,0,0
BRDA:33,2,1,0
BRDA:158,3,0,0
BRDA:158,3,1,0
BRF:6
BRH:0
end_of_record
TN:
SF:./client/app/project/sprint/create/create.controller.js
FN:7,(anonymous_1)
FN:12,(anonymous_2)
FN:16,(anonymous_3)
FNF:3
FNH:0
FNDA:0,(anonymous_1)
FNDA:0,(anonymous_2)
FNDA:0,(anonymous_3)
DA:6,1
DA:10,0
DA:12,0
DA:13,0
DA:16,0
DA:17,0
LF:6
LH:1
BRF:0
BRH:0
end_of_record
TN:
SF:./client/app/project/sprint/edit/edit.controller.js
FN:7,(anonymous_1)
FN:12,(anonymous_2)
FN:16,(anonymous_3)
FNF:3
FNH:0
FNDA:0,(anonymous_1)
FNDA:0,(anonymous_2)
FNDA:0,(anonymous_3)
DA:6,1
DA:10,0
DA:12,0
DA:13,0
DA:16,0
DA:17,0
LF:6
LH:1
BRF:0
BRH:0
end_of_record
TN:
SF:./client/app/project/sprint/sprint.controller.js
FN:7,(anonymous_1)
FNF:1
FNH:0
FNDA:0,(anonymous_1)
DA:6,1
DA:10,0
DA:14,0
LF:3
LH:1
BRF:0
BRH:0
end_of_record
TN:
SF:./client/app/project/sprint/sprintItem.directive.js
FN:8,(anonymous_1)
FN:18,(anonymous_2)
FNF:2
FNH:0
FNDA:0,(anonymous_1)
FNDA:0,(anonymous_2)
DA:6,1
DA:11,0
DA:19,0
DA:26,0
DA:27,0
DA:28,0
DA:31,0
DA:32,0
DA:33,0
DA:36,0
DA:37,0
DA:40,0
DA:41,0
DA:44,0
DA:45,0
DA:48,0
DA:49,0
DA:53,0
LF:18
LH:1
BRDA:40,1,0,0
BRDA:40,1,1,0
BRDA:44,2,0,0
BRDA:44,2,1,0
BRDA:44,3,0,0
BRDA:44,3,1,0
BRDA:48,4,0,0
BRDA:48,4,1,0
BRF:8
BRH:0
end_of_record
TN:
SF:./client/app/project/sprint/sprints.provider.js
FN:6,(anonymous_1)
FN:10,(anonymous_2)
FNF:2
FNH:0
FNDA:0,(anonymous_1)
FNDA:0,(anonymous_2)
DA:6,1
DA:10,0
DA:11,0
DA:12,0
DA:13,0
DA:20,0
LF:6
LH:1
BRF:0
BRH:0
end_of_record
TN:
SF:./client/app/project/sprint/sprints.service.js
FN:9,(anonymous_1)
FN:20,(anonymous_2)
FN:23,(anonymous_3)
FN:64,(anonymous_4)
FN:72,(anonymous_5)
FN:80,(anonymous_6)
FN:90,(anonymous_7)
FN:100,(anonymous_8)
FN:106,(anonymous_9)
FN:113,(anonymous_10)
FNF:10
FNH:0
FNDA:0,(anonymous_1)
FNDA:0,(anonymous_2)
FNDA:0,(anonymous_3)
FNDA:0,(anonymous_4)
FNDA:0,(anonymous_5)
FNDA:0,(anonymous_6)
FNDA:0,(anonymous_7)
FNDA:0,(anonymous_8)
FNDA:0,(anonymous_9)
FNDA:0,(anonymous_10)
DA:9,1
DA:12,0
DA:21,0
DA:23,0
DA:24,0
DA:29,0
DA:30,0
DA:31,0
DA:34,0
DA:35,0
DA:36,0
DA:39,0
DA:40,0
DA:42,0
DA:43,0
DA:44,0
DA:45,0
DA:65,0
DA:74,0
DA:80,0
DA:81,0
DA:91,0
DA:102,0
DA:107,0
DA:113,0
DA:114,0
DA:119,0
DA:121,0
LF:28
LH:1
BRDA:42,1,0,0
BRDA:42,1,1,0
BRDA:42,2,0,0
BRDA:42,2,1,0
BRF:4
BRH:0
end_of_record
TN:
SF:./client/app/project/story/create/create.controller.js
FN:7,(anonymous_1)
FN:12,(anonymous_2)
FN:16,(anonymous_3)
FNF:3
FNH:0
FNDA:0,(anonymous_1)
FNDA:0,(anonymous_2)
FNDA:0,(anonymous_3)
DA:6,1
DA:10,0
DA:12,0
DA:13,0
DA:16,0
DA:17,0
LF:6
LH:1
BRF:0
BRH:0
end_of_record
TN:
SF:./client/app/project/story/edit/edit.controller.js
FN:7,(anonymous_1)
FN:12,(anonymous_2)
FN:16,(anonymous_3)
FNF:3
FNH:0
FNDA:0,(anonymous_1)
FNDA:0,(anonymous_2)
FNDA:0,(anonymous_3)
DA:6,1
DA:10,0
DA:12,0
DA:13,0
DA:16,0
DA:17,0
LF:6
LH:1
BRF:0
BRH:0
end_of_record
TN:
SF:./client/app/project/story/story.controller.js
FN:7,(anonymous_1)
FNF:1
FNH:0
FNDA:0,(anonymous_1)
DA:6,1
DA:10,0
DA:14,0
DA:15,0
LF:4
LH:1
BRF:0
BRH:0
end_of_record
TN:
SF:./client/app/project/story/story.provider.js
FN:6,(anonymous_1)
FN:11,(anonymous_2)
FN:18,(anonymous_3)
FN:21,(anonymous_4)
FN:34,(anonymous_5)
FNF:5
FNH:0
FNDA:0,(anonymous_1)
FNDA:0,(anonymous_2)
FNDA:0,(anonymous_3)
FNDA:0,(anonymous_4)
FNDA:0,(anonymous_5)
DA:6,1
DA:9,0
DA:12,0
DA:13,0
DA:14,0
DA:20,0
DA:21,0
DA:22,0
DA:23,0
DA:24,0
DA:28,0
DA:29,0
DA:33,0
DA:34,0
DA:35,0
DA:49,0
DA:51,0
LF:17
LH:1
BRDA:20,1,0,0
BRDA:20,1,1,0
BRDA:28,2,0,0
BRDA:28,2,1,0
BRF:4
BRH:0
end_of_record
TN:
SF:./client/app/project/story/story.service.js
FN:6,(anonymous_1)
FN:25,(anonymous_2)
FN:34,(anonymous_3)
FN:42,(anonymous_4)
FN:50,(anonymous_5)
FN:62,(anonymous_6)
FN:72,(anonymous_7)
FN:78,(anonymous_8)
FN:85,(anonymous_9)
FN:95,(anonymous_10)
FN:111,(anonymous_11)
FN:121,(anonymous_12)
FN:138,(anonymous_13)
FN:160,(anonymous_14)
FN:178,(anonymous_15)
FN:194,(anonymous_16)
FN:211,(anonymous_17)
FN:213,(anonymous_18)
FNF:18
FNH:0
FNDA:0,(anonymous_1)
FNDA:0,(anonymous_2)
FNDA:0,(anonymous_3)
FNDA:0,(anonymous_4)
FNDA:0,(anonymous_5)
FNDA:0,(anonymous_6)
FNDA:0,(anonymous_7)
FNDA:0,(anonymous_8)
FNDA:0,(anonymous_9)
FNDA:0,(anonymous_10)
FNDA:0,(anonymous_11)
FNDA:0,(anonymous_12)
FNDA:0,(anonymous_13)
FNDA:0,(anonymous_14)
FNDA:0,(anonymous_15)
FNDA:0,(anonymous_16)
FNDA:0,(anonymous_17)
FNDA:0,(anonymous_18)
DA:6,1
DA:9,0
DA:26,0
DA:35,0
DA:44,0
DA:50,0
DA:52,0
DA:53,0
DA:63,0
DA:74,0
DA:79,0
DA:85,0
DA:86,0
DA:96,0
DA:112,0
DA:113,0
DA:122,0
DA:123,0
DA:140,0
DA:143,0
DA:144,0
DA:162,0
DA:163,0
DA:166,0
DA:168,0
DA:170,0
DA:180,0
DA:182,0
DA:184,0
DA:186,0
DA:196,0
DA:198,0
DA:200,0
DA:202,0
DA:208,0
DA:211,0
DA:212,0
DA:214,0
DA:217,0
LF:39
LH:1
BRDA:143,1,0,0
BRDA:143,1,1,0
BRDA:162,2,0,0
BRDA:162,2,1,0
BRDA:162,3,0,0
BRDA:162,3,1,0
BRF:6
BRH:0
end_of_record
TN:
SF:./client/app/project/story/storyItem.directive.js
FN:8,(anonymous_1)
FN:15,(anonymous_2)
FNF:2
FNH:0
FNDA:0,(anonymous_1)
FNDA:0,(anonymous_2)
DA:6,1
DA:11,0
DA:18,0
DA:21,0
LF:4
LH:1
BRDA:18,1,0,0
BRDA:18,1,1,0
BRDA:18,2,0,0
BRDA:18,2,1,0
BRDA:18,2,2,0
BRF:5
BRH:0
end_of_record
TN:
SF:./client/app/project/task/task.service.js
FN:6,(anonymous_1)
FN:23,(anonymous_2)
FN:26,(anonymous_3)
FN:39,(anonymous_4)
FN:53,(anonymous_5)
FN:62,(anonymous_6)
FN:68,(anonymous_7)
FN:75,(anonymous_8)
FN:85,(anonymous_9)
FNF:9
FNH:0
FNDA:0,(anonymous_1)
FNDA:0,(anonymous_2)
FNDA:0,(anonymous_3)
FNDA:0,(anonymous_4)
FNDA:0,(anonymous_5)
FNDA:0,(anonymous_6)
FNDA:0,(anonymous_7)
FNDA:0,(anonymous_8)
FNDA:0,(anonymous_9)
DA:6,1
DA:9,0
DA:24,0
DA:26,0
DA:28,0
DA:30,0
DA:41,0
DA:42,0
DA:45,0
DA:54,0
DA:64,0
DA:69,0
DA:75,0
DA:76,0
DA:86,0
DA:90,0
LF:16
LH:1
BRF:0
BRH:0
end_of_record
TN:
SF:./client/components/auth/auth.service.js
FN:7,Auth
FN:25,(anonymous_2)
FN:33,(anonymous_3)
FN:39,(anonymous_4)
FN:54,(anonymous_5)
FN:67,(anonymous_6)
FN:71,(anonymous_7)
FN:76,(anonymous_8)
FN:91,(anonymous_9)
FN:99,(anonymous_10)
FN:101,(anonymous_11)
FN:112,(anonymous_12)
FN:122,(anonymous_13)
FN:131,(anonymous_14)
FN:133,(anonymous_15)
FN:135,(anonymous_16)
FN:151,(anonymous_17)
FN:160,(anonymous_18)
FNF:18
FNH:1
FNDA:19,Auth
FNDA:0,(anonymous_2)
FNDA:0,(anonymous_3)
FNDA:0,(anonymous_4)
FNDA:0,(anonymous_5)
FNDA:0,(anonymous_6)
FNDA:0,(anonymous_7)
FNDA:0,(anonymous_8)
FNDA:0,(anonymous_9)
FNDA:0,(anonymous_10)
FNDA:0,(anonymous_11)
FNDA:0,(anonymous_12)
FNDA:0,(anonymous_13)
FNDA:0,(anonymous_14)
FNDA:0,(anonymous_15)
FNDA:0,(anonymous_16)
FNDA:0,(anonymous_17)
FNDA:0,(anonymous_18)
DA:6,1
DA:10,19
DA:11,19
DA:12,0
DA:15,19
DA:26,0
DA:27,0
DA:29,0
DA:34,0
DA:35,0
DA:36,0
DA:37,0
DA:40,0
DA:41,0
DA:42,0
DA:45,0
DA:55,0
DA:56,0
DA:68,0
DA:70,0
DA:72,0
DA:73,0
DA:74,0
DA:77,0
DA:78,0
DA:92,0
DA:94,0
DA:100,0
DA:102,0
DA:113,0
DA:123,0
DA:132,0
DA:133,0
DA:134,0
DA:136,0
DA:138,0
DA:139,0
DA:141,0
DA:152,0
DA:161,0
LF:40
LH:4
BRDA:11,1,0,0
BRDA:11,1,1,19
BRDA:26,2,0,0
BRDA:26,2,1,0
BRDA:68,3,0,0
BRDA:68,3,1,0
BRDA:92,4,0,0
BRDA:92,4,1,0
BRDA:132,5,0,0
BRDA:132,5,1,0
BRDA:138,6,0,0
BRDA:138,6,1,0
BRF:12
BRH:1
end_of_record
TN:
SF:./client/components/auth/user.service.js
FN:7,(anonymous_1)
FNF:1
FNH:1
FNDA:19,(anonymous_1)
DA:6,1
DA:10,19
LF:2
LH:2
BRF:0
BRH:0
end_of_record
TN:
SF:./client/components/confirm/confirmDialog.directive.js
FN:9,(anonymous_1)
FN:15,(anonymous_2)
FN:16,(anonymous_3)
FN:28,(anonymous_4)
FN:32,(anonymous_5)
FNF:5
FNH:0
FNDA:0,(anonymous_1)
FNDA:0,(anonymous_2)
FNDA:0,(anonymous_3)
FNDA:0,(anonymous_4)
FNDA:0,(anonymous_5)
DA:7,1
DA:13,0
DA:16,0
DA:17,0
DA:20,0
DA:28,0
DA:30,0
DA:32,0
DA:33,0
LF:9
LH:1
BRDA:17,1,0,0
BRDA:17,1,1,0
BRDA:20,2,0,0
BRDA:20,2,1,0
BRF:4
BRH:0
end_of_record
TN:
SF:./client/components/confirm/confirmShow.directive.js
FN:7,(anonymous_1)
FN:15,(anonymous_2)
FN:17,(anonymous_3)
FN:28,(anonymous_4)
FN:29,(anonymous_5)
FN:35,(anonymous_6)
FN:41,(anonymous_7)
FNF:7
FNH:0
FNDA:0,(anonymous_1)
FNDA:0,(anonymous_2)
FNDA:0,(anonymous_3)
FNDA:0,(anonymous_4)
FNDA:0,(anonymous_5)
FNDA:0,(anonymous_6)
FNDA:0,(anonymous_7)
DA:6,1
DA:10,0
DA:17,0
DA:19,0
DA:20,0
DA:21,0
DA:25,0
DA:28,0
DA:29,0
DA:30,0
DA:35,0
DA:36,0
DA:37,0
DA:41,0
DA:42,0
LF:15
LH:1
BRDA:20,1,0,0
BRDA:20,1,1,0
BRF:2
BRH:0
end_of_record
TN:
SF:./client/components/dragAndDrop/dragAndDrop.directive.js
FN:8,(anonymous_1)
FN:13,(anonymous_2)
FN:20,(anonymous_3)
FN:46,(anonymous_4)
FN:51,(anonymous_5)
FN:55,(anonymous_6)
FN:61,(anonymous_7)
FNF:7
FNH:0
FNDA:0,(anonymous_1)
FNDA:0,(anonymous_2)
FNDA:0,(anonymous_3)
FNDA:0,(anonymous_4)
FNDA:0,(anonymous_5)
FNDA:0,(anonymous_6)
FNDA:0,(anonymous_7)
DA:6,1
DA:11,0
DA:14,0
DA:17,0
DA:20,0
DA:21,0
DA:25,0
DA:28,0
DA:31,0
DA:32,0
DA:43,1
DA:49,0
DA:52,0
DA:55,0
DA:57,0
DA:61,0
DA:63,0
DA:69,0
DA:71,0
DA:74,0
DA:78,0
LF:21
LH:2
BRDA:69,1,0,0
BRDA:69,1,1,0
BRF:2
BRH:0
end_of_record
TN:
SF:./client/components/filters/lineBreak.filter.js
FN:8,(anonymous_1)
FN:11,(anonymous_2)
FNF:2
FNH:2
FNDA:1,(anonymous_1)
FNDA:1,(anonymous_2)
DA:7,1
DA:11,1
DA:13,1
DA:14,0
DA:17,1
LF:5
LH:4
BRDA:13,1,0,0
BRDA:13,1,1,1
BRF:2
BRH:1
end_of_record
TN:
SF:./client/components/filters/toArray.filter.js
FN:9,(anonymous_1)
FN:11,(anonymous_2)
FN:13,(anonymous_3)
FNF:3
FNH:0
FNDA:0,(anonymous_1)
FNDA:0,(anonymous_2)
FNDA:0,(anonymous_3)
DA:8,1
DA:11,0
DA:13,0
DA:15,0
DA:19,0
DA:20,0
DA:24,0
DA:27,0
DA:30,0
DA:32,0
DA:34,0
DA:37,0
DA:39,0
DA:41,0
DA:43,0
DA:44,0
DA:48,0
DA:52,0
LF:18
LH:1
BRDA:15,1,0,0
BRDA:15,1,1,0
BRDA:19,2,0,0
BRDA:19,2,1,0
BRDA:30,3,0,0
BRDA:30,3,1,0
BRDA:41,4,0,0
BRDA:41,4,1,0
BRF:8
BRH:0
end_of_record
TN:
SF:./client/components/filters/toCSSName.filter.js
FN:7,(anonymous_1)
FN:9,(anonymous_2)
FNF:2
FNH:0
FNDA:0,(anonymous_1)
FNDA:0,(anonymous_2)
DA:6,1
DA:9,0
DA:11,0
DA:12,0
DA:15,0
DA:18,0
DA:20,0
LF:7
LH:1
BRDA:11,1,0,0
BRDA:11,1,1,0
BRF:2
BRH:0
end_of_record
TN:
SF:./client/components/mongoose-error/mongoose-error.directive.js
FN:7,(anonymous_1)
FN:13,(anonymous_2)
FN:14,(anonymous_3)
FNF:3
FNH:0
FNDA:0,(anonymous_1)
FNDA:0,(anonymous_2)
FNDA:0,(anonymous_3)
DA:6,1
DA:10,0
DA:14,0
DA:15,0
LF:4
LH:1
BRF:0
BRH:0
end_of_record
TN:
SF:./client/components/panelswitch/panelswitch.service.js
FN:7,(anonymous_1)
FN:19,(anonymous_2)
FN:29,(anonymous_3)
FN:39,(anonymous_4)
FN:49,(anonymous_5)
FNF:5
FNH:2
FNDA:4,(anonymous_1)
FNDA:0,(anonymous_2)
FNDA:0,(anonymous_3)
FNDA:0,(anonymous_4)
FNDA:4,(anonymous_5)
DA:7,1
DA:10,4
DA:20,0
DA:21,0
DA:30,0
DA:40,0
DA:41,0
DA:50,4
DA:55,4
LF:9
LH:4
BRF:0
BRH:0
end_of_record
TN:
SF:./client/components/session/session.service.js
FN:6,(anonymous_1)
FN:9,(anonymous_2)
FN:16,(anonymous_3)
FNF:3
FNH:0
FNDA:0,(anonymous_1)
FNDA:0,(anonymous_2)
FNDA:0,(anonymous_3)
DA:6,1
DA:9,0
DA:10,0
DA:11,0
DA:17,0
DA:21,0
LF:6
LH:1
BRF:0
BRH:0
end_of_record
TN:
SF:./client/components/socket/socket.mock.js
FN:7,(anonymous_1)
FN:12,(anonymous_2)
FN:13,(anonymous_3)
FN:14,(anonymous_4)
FN:15,(anonymous_5)
FN:17,(anonymous_6)
FN:18,(anonymous_7)
FNF:7
FNH:2
FNDA:19,(anonymous_1)
FNDA:0,(anonymous_2)
FNDA:0,(anonymous_3)
FNDA:0,(anonymous_4)
FNDA:0,(anonymous_5)
FNDA:4,(anonymous_6)
FNDA:0,(anonymous_7)
DA:6,1
DA:10,19
LF:2
LH:2
BRF:0
BRH:0
end_of_record
TN:
SF:./client/components/socket/socket.service.js
FN:10,(anonymous_1)
FN:39,(anonymous_2)
FN:45,(anonymous_3)
FN:89,(anonymous_4)
FN:104,(anonymous_5)
FNF:5
FNH:0
FNDA:0,(anonymous_1)
FNDA:0,(anonymous_2)
FNDA:0,(anonymous_3)
FNDA:0,(anonymous_4)
FNDA:0,(anonymous_5)
DA:9,1
DA:16,0
DA:21,0
DA:25,0
DA:40,0
DA:45,0
DA:46,0
DA:48,0
DA:49,0
DA:51,0
DA:53,0
DA:54,0
DA:55,0
DA:57,0
DA:58,0
DA:59,0
DA:60,0
DA:64,0
DA:67,0
DA:68,0
DA:71,0
DA:72,0
DA:73,0
DA:75,0
DA:76,0
DA:79,0
DA:82,0
DA:89,0
DA:90,0
DA:91,0
DA:94,0
DA:105,0
DA:106,0
LF:33
LH:1
BRDA:40,1,0,0
BRDA:40,1,1,0
BRDA:48,2,0,0
BRDA:48,2,1,0
BRDA:51,3,0,0
BRDA:51,3,1,0
BRDA:53,4,0,0
BRDA:53,4,1,0
BRDA:57,5,0,0
BRDA:57,5,1,0
BRDA:57,6,0,0
BRDA:57,6,1,0
BRDA:58,7,0,0
BRDA:58,7,1,0
BRDA:71,8,0,0
BRDA:71,8,1,0
BRDA:72,9,0,0
BRDA:72,9,1,0
BRDA:72,10,0,0
BRDA:72,10,1,0
BRDA:72,10,2,0
BRDA:72,10,3,0
BRF:22
BRH:0
end_of_record
TN:
SF:./client/components/uiRouter.mock.js
FN:2,(anonymous_1)
FN:6,(anonymous_2)
FNF:2
FNH:1
FNDA:3,(anonymous_1)
FNDA:0,(anonymous_2)
DA:1,1
DA:4,3
DA:8,0
LF:3
LH:2
BRF:0
BRH:0
end_of_record
